prove -lw t/*.t 2>&1 | tee t/results/prove-v0.9.20.log
t/00-compile.t ........... ok
t/01-serialize.t ......... ok
Can't locate object method "clear_cache" via package "MT::ObjectDriver::Driver::DBI" at t/02-meta-new.t line 16.
# Looks like your test exited with 255 before it could output anything.
t/02-meta-new.t .......... 
Dubious, test returned 255 (wstat 65280, 0xff00)
Failed 7/7 subtests 
Can't locate object method "clear_cache" via package "MT::ObjectDriver::Driver::DBI" at t/03-meta-new-author.t line 16.
# Looks like your test exited with 255 before it could output anything.
t/03-meta-new-author.t ... 
Dubious, test returned 255 (wstat 65280, 0xff00)
Failed 6/6 subtests 
t/04-config.t ............ ok
t/05-errorhandler.t ...... ok
t/07-builder.t ........... ok
t/08-util.t .............. ok
t/09-image.t ............. ok
t/10-filemgr.t ........... ok
Use of uninitialized value $limit in string ne at lib/MT/CMS/Search.pm line 421.

#   Failed test 'Delete templates button is present'
#   at t/100-cms_search.t line 32.

#   Failed test 'Refresh templates dropdown is present'
#   at t/100-cms_search.t line 33.

#   Failed test 'Clone templates dropdown is present'
#   at t/100-cms_search.t line 34.
Use of uninitialized value $limit in string ne at lib/MT/CMS/Search.pm line 421.
Variable "$system_perms" is not available at lib/MT/App.pm line 173.
Variable "$system_perms" is not available at lib/MT/App.pm line 173.
Use of uninitialized value $limit in string ne at lib/MT/CMS/Search.pm line 421.
DEPRECATION WARNING: Use of $app->param to get/set query object properties in ConfigAssistant::Plugin at line 1154 will break in the future. Use $app->query->param() instead.
DEPRECATION WARNING: Use of $app->param to get/set query object properties in ConfigAssistant::Plugin at line 1154 will break in the future. Use $app->query->param() instead.
Use of uninitialized value $limit in string ne at lib/MT/CMS/Search.pm line 421.
DEPRECATION WARNING: Use of $app->param to get/set query object properties in ConfigAssistant::Plugin at line 1154 will break in the future. Use $app->query->param() instead.
DEPRECATION WARNING: Use of $app->param to get/set query object properties in ConfigAssistant::Plugin at line 1154 will break in the future. Use $app->query->param() instead.
Variable "$system_perms" is not available at lib/MT/App.pm line 173.
Variable "$system_perms" is not available at lib/MT/App.pm line 173.
Variable "$system_perms" is not available at lib/MT/App.pm line 173.
Use of uninitialized value $limit in string ne at lib/MT/CMS/Search.pm line 421.
Use of uninitialized value $limit in string ne at lib/MT/CMS/Search.pm line 421.
Variable "$system_perms" is not available at lib/MT/App.pm line 173.
Variable "$system_perms" is not available at lib/MT/App.pm line 173.
Variable "$system_perms" is not available at lib/MT/App.pm line 173.
# Looks like you failed 3 tests of 40.
t/100-cms_search.t ....... 
Dubious, test returned 3 (wstat 768, 0x300)
Failed 3/40 subtests 

#   Failed test 'Send email to label is present'
#   at t/101-email.t line 36.

#   Failed test 'The email address where you want to send test email to label is present'
#   at t/101-email.t line 37.

#   Failed test 'Send test email button is present'
#   at t/101-email.t line 38.
# Looks like you planned 5 tests but ran 4.
# Looks like you failed 3 tests of 4 run.
t/101-email.t ............ 
Dubious, test returned 3 (wstat 768, 0x300)
Failed 4/5 subtests 
t/11-sanitize.t .......... ok
t/12-dsa.t ............... ok
t/13-dirify.t ............ ok
Use of uninitialized value in sprintf at /opt/local/lib/perl5/vendor_perl/5.10.1/Archive/Tar.pm line 1294.
Use of uninitialized value in sprintf at /opt/local/lib/perl5/vendor_perl/5.10.1/Archive/Tar.pm line 1294.
Use of uninitialized value in pack at /opt/local/lib/perl5/vendor_perl/5.10.1/Archive/Tar.pm line 1295.
Use of uninitialized value in pack at /opt/local/lib/perl5/vendor_perl/5.10.1/Archive/Tar.pm line 1295.
Use of uninitialized value in pack at /opt/local/lib/perl5/vendor_perl/5.10.1/Archive/Tar.pm line 1295.
Use of uninitialized value in pack at /opt/local/lib/perl5/vendor_perl/5.10.1/Archive/Tar.pm line 1295.
Use of uninitialized value in pack at /opt/local/lib/perl5/vendor_perl/5.10.1/Archive/Tar.pm line 1295.
t/14-archive.t ........... ok
t/15-import-export.t ..... 
No subtests run 

#   Failed test '$entry->status default -- no blog'
#   at t/20-setup.t line 110.
#          got: '1'
#     expected: '2'
Use of uninitialized value in numeric eq (==) at t/20-setup.t line 111.

#   Failed test '$entry->allow_comments default -- no blog'
#   at t/20-setup.t line 111.
Use of uninitialized value in numeric eq (==) at t/20-setup.t line 113.

#   Failed test '$entry->allow_pings default -- no blog'
#   at t/20-setup.t line 113.
Use of uninitialized value in string eq at t/20-setup.t line 115.

#   Failed test '$entry->convert_breaks default -- no blog'
#   at t/20-setup.t line 115.
# Looks like you failed 4 tests of 90.
t/20-setup.t ............. 
Dubious, test returned 4 (wstat 1024, 0x400)
Failed 4/90 subtests 
Use of uninitialized value $package in concatenation (.) or string at lib/MT/App.pm line 3811.
Use of uninitialized value $line in concatenation (.) or string at lib/MT/App.pm line 3811.
DEPRECATION WARNING: Direct assignment to $app->{query} in  at line  will break in the near future. Use $app->query( OBJ ) instead. See MT::App POD for details.
DEPRECATION WARNING: Direct assignment to $app->{query} in  at line  will break in the near future. Use $app->query( OBJ ) instead. See MT::App POD for details.
Can't locate object method "query" via package "MT" at lib/MT/App.pm line 3817.
# Looks like you planned 4 tests but ran 1.
# Looks like your test exited with 255 just after 1.
t/21-app-callbacks.t ..... 
Dubious, test returned 255 (wstat 65280, 0xff00)
Failed 3/4 subtests 
t/21-callbacks.t ......... ok
# meta field tests
t/22-author.t ............ ok
t/23-entry.t ............. ok
Can't locate object method "clear_cache" via package "MT::ObjectDriver::Driver::DBI" at t/24-meta-entry-save.t line 16.
# Looks like your test exited with 255 before it could output anything.
t/24-meta-entry-save.t ... 
Dubious, test returned 255 (wstat 65280, 0xff00)
Failed 13/13 subtests 
t/26-pings.t ............. skipped: Needs rewrite and/or mt-test-rpc.cgi script from 6A.
t/27-context.t ........... ok
Can't locate object method "Disabled" via package "MT::ObjectDriver::Driver::DBI" at t/28-xmlrpc.t line 179.
# Looks like your test exited with 255 just after 61.
t/28-xmlrpc.t ............ 
Dubious, test returned 255 (wstat 65280, 0xff00)
All 61 subtests passed 
t/29-cleanup.t ........... ok
# Saving error: constraint failed
# columns multikey_fkey, multikey_type are not unique
t/32-ddl.t ............... ok
Use of uninitialized value $ENV{"MT_CONFIG"} in concatenation (.) or string at t/33-driver.t line 20.
Can't call method "execute" on an undefined value at /Users/jay/code/omt/openmelody/extlib/Data/ObjectDriver/Driver/DBI.pm line 252.
BEGIN failed--compilation aborted at t/33-driver.t line 24.
t/33-driver.t ............ 
Dubious, test returned 2 (wstat 512, 0x200)
No subtests run 

#   Failed test 'perl test 14'
#   at t/35-tags.t line 91.
#          got: 'UTF-8'
#     expected: 'utf-8'

#   Failed test 'perl test 21'
#   at t/35-tags.t line 91.
#          got: '34567891112131415161718192021222324252627282930313233343536373839401102'
#     expected: '1'

#   Failed test 'perl test 22'
#   at t/35-tags.t line 91.
#          got: 'First BlogFirst BlogFirst BlogFirst BlogFirst BlogFirst BlogFirst BlogFirst BlogFirst BlogFirst BlogFirst BlogFirst BlogFirst BlogFirst BlogFirst BlogFirst BlogFirst BlogFirst BlogFirst BlogFirst BlogFirst BlogFirst BlogFirst BlogFirst BlogFirst BlogFirst BlogFirst BlogFirst BlogFirst BlogFirst BlogFirst BlogFirst BlogFirst BlogFirst BlogFirst BlogFirst BlogFirst Blognonenonenone2'
#     expected: 'none'

#   Failed test 'perl test 23'
#   at t/35-tags.t line 91.
#          got: 'Narnia None Test BlogNarnia None Test BlogNarnia None Test Blog 2'
#     expected: 'Narnia None Test Blog'

#   Failed test 'perl test 24'
#   at t/35-tags.t line 91.
#          got: '/////////////////////////////http://narnia.na/nana/http://narnia.na/nana/http://narnia.na/nana2/'
#     expected: 'http://narnia.na/nana/'

#   Failed test 'perl test 25'
#   at t/35-tags.t line 91.
#          got: '/////////////////////////////http://narnia.na/nana/archives/http://narnia.na/nana/archives/http://narnia.na/nana2/archives/'
#     expected: 'http://narnia.na/nana/archives/'

#   Failed test 'perl test 26'
#   at t/35-tags.t line 91.
#          got: '/nana//nana//nana2/'
#     expected: '/nana/'

#   Failed test 'perl test 27'
#   at t/35-tags.t line 91.
#          got: '/////////////////////////////t/site/t/site/t/site2/'
#     expected: 't/site/'
Use of uninitialized value $host in pattern match (m//) at lib/MT/Template/ContextHandlers.pm line 7638.
Use of uninitialized value $host in pattern match (m//) at lib/MT/Template/ContextHandlers.pm line 7638.
Use of uninitialized value $host in pattern match (m//) at lib/MT/Template/ContextHandlers.pm line 7638.
Use of uninitialized value $host in pattern match (m//) at lib/MT/Template/ContextHandlers.pm line 7638.
Use of uninitialized value $host in pattern match (m//) at lib/MT/Template/ContextHandlers.pm line 7638.
Use of uninitialized value $host in pattern match (m//) at lib/MT/Template/ContextHandlers.pm line 7638.
Use of uninitialized value $host in pattern match (m//) at lib/MT/Template/ContextHandlers.pm line 7638.
Use of uninitialized value $host in pattern match (m//) at lib/MT/Template/ContextHandlers.pm line 7638.

#   Failed test 'perl test 28'
#   at t/35-tags.t line 91.
#          got: 'narnia.nanarnia.nanarnia.na'
#     expected: 'narnia.na'
Use of uninitialized value $host in pattern match (m//) at lib/MT/Template/ContextHandlers.pm line 7638.
Use of uninitialized value $host in pattern match (m//) at lib/MT/Template/ContextHandlers.pm line 7638.
Use of uninitialized value $host in pattern match (m//) at lib/MT/Template/ContextHandlers.pm line 7638.
Use of uninitialized value $host in pattern match (m//) at lib/MT/Template/ContextHandlers.pm line 7638.
Use of uninitialized value $host in pattern match (m//) at lib/MT/Template/ContextHandlers.pm line 7638.
Use of uninitialized value $host in pattern match (m//) at lib/MT/Template/ContextHandlers.pm line 7638.
Use of uninitialized value $host in pattern match (m//) at lib/MT/Template/ContextHandlers.pm line 7638.
Use of uninitialized value $host in pattern match (m//) at lib/MT/Template/ContextHandlers.pm line 7638.

#   Failed test 'perl test 29'
#   at t/35-tags.t line 91.
#          got: 'narnia.nanarnia.nanarnia.na'
#     expected: 'narnia.na'

#   Failed test 'perl test 30'
#   at t/35-tags.t line 91.
#          got: '+00:00+00:00+00:00+00:00+00:00+00:00+00:00+00:00+00:00+00:00+00:00+00:00+00:00+00:00+00:00+00:00+00:00+00:00+00:00+00:00+00:00+00:00+00:00+00:00+00:00+00:00+00:00+00:00+00:00+00:00+00:00+00:00+00:00+00:00+00:00+00:00+00:00-03:30-03:30-03:30'
#     expected: '-03:30'

#   Failed test 'perl test 31'
#   at t/35-tags.t line 91.
#          got: '+0000+0000+0000+0000+0000+0000+0000+0000+0000+0000+0000+0000+0000+0000+0000+0000+0000+0000+0000+0000+0000+0000+0000+0000+0000+0000+0000+0000+0000+0000+0000+0000+0000+0000+0000+0000+0000-0330-0330-0330'
#     expected: '-0330'

#   Failed test 'perl test 32'
#   at t/35-tags.t line 91.
#          got: '0000000000000000000000000000000000000600'
#     expected: '6'

#   Failed test 'perl test 33'
#   at t/35-tags.t line 91.
#          got: '0000000000000000000000000000000000000900'
#     expected: '9'

#   Failed test 'perl test 40'
#   at t/35-tags.t line 91.
#          got: undef
#     expected: 'http://narnia.na/nana/'

#   Failed test 'perl test 70'
#   at t/35-tags.t line 91.
#          got: undef
#     expected: 'http://narnia.na/nana/archives/1978/01/a-rainy-day.html'

#   Failed test 'perl test 71'
#   at t/35-tags.t line 91.
#          got: undef
#     expected: 'http://narnia.na/nana/archives/1978/01/a-rainy-day.html'

#   Failed test 'perl test 129'
#   at t/35-tags.t line 91.
#          got: 'bar:  foo:  subfoo:  '
#     expected: 'bar: http://narnia.na/cgi-bin/mt-tb.cgi/2 foo:  subfoo:  '

#   Failed test 'perl test 146'
#   at t/35-tags.t line 91.
#          got: undef
#     expected: 'January 1978-http://narnia.na/nana/archives/1978/01/; January 1965-http://narnia.na/nana/archives/1965/01/; January 1964-http://narnia.na/nana/archives/1964/01/; January 1963-http://narnia.na/nana/archives/1963/01/; January 1962-http://narnia.na/nana/archives/1962/01/; January 1961-http://narnia.na/nana/archives/1961/01/; '

#   Failed test 'perl test 147'
#   at t/35-tags.t line 91.
#          got: undef
#     expected: 'Previous: January 1965-http://narnia.na/nana/archives/1965/01/; January 1964-http://narnia.na/nana/archives/1964/01/; January 1963-http://narnia.na/nana/archives/1963/01/; January 1962-http://narnia.na/nana/archives/1962/01/; January 1961-http://narnia.na/nana/archives/1961/01/;  '

#   Failed test 'perl test 148'
#   at t/35-tags.t line 91.
#          got: undef
#     expected: 'Next:  January 1978-http://narnia.na/nana/archives/1978/01/; January 1965-http://narnia.na/nana/archives/1965/01/; January 1964-http://narnia.na/nana/archives/1964/01/; January 1963-http://narnia.na/nana/archives/1963/01/; January 1962-http://narnia.na/nana/archives/1962/01/; '

#   Failed test 'perl test 186'
#   at t/35-tags.t line 91.
#          got: ''
#     expected: 'enabled'

#   Failed test 'perl test 202'
#   at t/35-tags.t line 91.
#          got: ''
#     expected: 'Archive Index-http://narnia.na/nana/archives.html-index;Feed - Recent Entries-http://narnia.na/nana/atom.xml-index;JavaScript-http://narnia.na/nana/mt.js-index;Main Index-http://narnia.na/nana/-index;RSD-http://narnia.na/nana/rsd.xml-index;Stylesheet-http://narnia.na/nana/styles.css-index;'

#   Failed test 'perl test 308'
#   at t/35-tags.t line 91.
#          got: undef
#     expected: ',<ul><li>11</li></ul>,<ul><li>12</li></ul>'

#   Failed test 'perl test 309'
#   at t/35-tags.t line 91.
#          got: undef
#     expected: ',<ul><li>11<ul><li>12</li></ul></li></ul>,<ul><li>12</li></ul>'
Use of uninitialized value $key in hash element at lib/MT/Template/ContextHandlers.pm line 5911.
# Looks like you failed 25 tests of 434.
t/35-tags.t .............. 
Dubious, test returned 25 (wstat 6400, 0x1900)
Failed 25/434 subtests 
Subroutine namespace_uri redefined at extlib/XML/XPath/Function.pm line 144.
t/41-atom.t .............. ok
t/43-localua.t ........... ok
t/44-spider.t ............ skipped: Enable spider test with MT_TEST_SPIDER environment variable
t/45-datetime.t .......... ok
t/46-i18n-en.t ........... ok
Subroutine Jcode::ucs2_euc redefined at /Users/jay/code/omt/openmelody/extlib/Jcode/Unicode/NoXS.pm line 56.
Subroutine Jcode::euc_ucs2 redefined at /Users/jay/code/omt/openmelody/extlib/Jcode/Unicode/NoXS.pm line 71.
Subroutine Jcode::euc_utf8 redefined at /Users/jay/code/omt/openmelody/extlib/Jcode/Unicode/NoXS.pm line 87.
Subroutine Jcode::utf8_euc redefined at /Users/jay/code/omt/openmelody/extlib/Jcode/Unicode/NoXS.pm line 94.
Subroutine Jcode::ucs2_utf8 redefined at /Users/jay/code/omt/openmelody/extlib/Jcode/Unicode/NoXS.pm line 101.
Subroutine Jcode::utf8_ucs2 redefined at /Users/jay/code/omt/openmelody/extlib/Jcode/Unicode/NoXS.pm line 124.
t/47-i18n-ja.t ........... ok
t/48-cache.t ............. ok
t/49-tagsplit.t .......... ok
t/54-usersgroupsroles.t .. skipped: Groups are unavailable for testing.
Argument "<movabletype xmlns='http://www.sixapart.com/ns/movablety..." isn't numeric in addition (+) at lib/MT/BackupRestore.pm line 312.
Argument "<movabletype xmlns='http://www.sixapart.com/ns/movablety..." isn't numeric in addition (+) at lib/MT/BackupRestore.pm line 312.
Argument "<movabletype xmlns='http://www.sixapart.com/ns/movablety..." isn't numeric in addition (+) at lib/MT/BackupRestore.pm line 312.
Argument "<movabletype xmlns='http://www.sixapart.com/ns/movablety..." isn't numeric in addition (+) at lib/MT/BackupRestore.pm line 312.
Argument "<movabletype xmlns='http://www.sixapart.com/ns/movablety..." isn't numeric in addition (+) at lib/MT/BackupRestore.pm line 312.
Argument "<movabletype xmlns='http://www.sixapart.com/ns/movablety..." isn't numeric in addition (+) at lib/MT/BackupRestore.pm line 312.
Argument "<movabletype xmlns='http://www.sixapart.com/ns/movablety..." isn't numeric in addition (+) at lib/MT/BackupRestore.pm line 312.
Argument "<movabletype xmlns='http://www.sixapart.com/ns/movablety..." isn't numeric in addition (+) at lib/MT/BackupRestore.pm line 312.
Argument "<movabletype xmlns='http://www.sixapart.com/ns/movablety..." isn't numeric in addition (+) at lib/MT/BackupRestore.pm line 312.
Argument "<movabletype xmlns='http://www.sixapart.com/ns/movablety..." isn't numeric in addition (+) at lib/MT/BackupRestore.pm line 312.
Argument "<movabletype xmlns='http://www.sixapart.com/ns/movablety..." isn't numeric in addition (+) at lib/MT/BackupRestore.pm line 312.
Argument "<movabletype xmlns='http://www.sixapart.com/ns/movablety..." isn't numeric in addition (+) at lib/MT/BackupRestore.pm line 312.
Argument "<movabletype xmlns='http://www.sixapart.com/ns/movablety..." isn't numeric in addition (+) at lib/MT/BackupRestore.pm line 312.
Argument "<movabletype xmlns='http://www.sixapart.com/ns/movablety..." isn't numeric in addition (+) at lib/MT/BackupRestore.pm line 312.
Argument "<movabletype xmlns='http://www.sixapart.com/ns/movablety..." isn't numeric in addition (+) at lib/MT/BackupRestore.pm line 312.
Argument "<movabletype xmlns='http://www.sixapart.com/ns/movablety..." isn't numeric in addition (+) at lib/MT/BackupRestore.pm line 312.
Argument "<movabletype xmlns='http://www.sixapart.com/ns/movablety..." isn't numeric in addition (+) at lib/MT/BackupRestore.pm line 312.
Argument "<movabletype xmlns='http://www.sixapart.com/ns/movablety..." isn't numeric in addition (+) at lib/MT/BackupRestore.pm line 312.
Argument "<movabletype xmlns='http://www.sixapart.com/ns/movablety..." isn't numeric in addition (+) at lib/MT/BackupRestore.pm line 312.
Argument "<movabletype xmlns='http://www.sixapart.com/ns/movablety..." isn't numeric in addition (+) at lib/MT/BackupRestore.pm line 312.
Argument "<movabletype xmlns='http://www.sixapart.com/ns/movablety..." isn't numeric in addition (+) at lib/MT/BackupRestore.pm line 312.
Argument "<movabletype xmlns='http://www.sixapart.com/ns/movablety..." isn't numeric in addition (+) at lib/MT/BackupRestore.pm line 312.
Argument "<movabletype xmlns='http://www.sixapart.com/ns/movablety..." isn't numeric in addition (+) at lib/MT/BackupRestore.pm line 312.
Argument "<movabletype xmlns='http://www.sixapart.com/ns/movablety..." isn't numeric in addition (+) at lib/MT/BackupRestore.pm line 312.
Argument "<movabletype xmlns='http://www.sixapart.com/ns/movablety..." isn't numeric in addition (+) at lib/MT/BackupRestore.pm line 312.
Argument "<movabletype xmlns='http://www.sixapart.com/ns/movablety..." isn't numeric in addition (+) at lib/MT/BackupRestore.pm line 312.
Argument "<movabletype xmlns='http://www.sixapart.com/ns/movablety..." isn't numeric in addition (+) at lib/MT/BackupRestore.pm line 312.
Argument "<movabletype xmlns='http://www.sixapart.com/ns/movablety..." isn't numeric in addition (+) at lib/MT/BackupRestore.pm line 312.
Argument "<movabletype xmlns='http://www.sixapart.com/ns/movablety..." isn't numeric in addition (+) at lib/MT/BackupRestore.pm line 312.
Argument "<movabletype xmlns='http://www.sixapart.com/ns/movablety..." isn't numeric in addition (+) at lib/MT/BackupRestore.pm line 312.
Argument "<movabletype xmlns='http://www.sixapart.com/ns/movablety..." isn't numeric in addition (+) at lib/MT/BackupRestore.pm line 312.
Argument "<movabletype xmlns='http://www.sixapart.com/ns/movablety..." isn't numeric in addition (+) at lib/MT/BackupRestore.pm line 312.
Argument "<movabletype xmlns='http://www.sixapart.com/ns/movablety..." isn't numeric in addition (+) at lib/MT/BackupRestore.pm line 312.
Argument "<movabletype xmlns='http://www.sixapart.com/ns/movablety..." isn't numeric in addition (+) at lib/MT/BackupRestore.pm line 312.
Argument "<movabletype xmlns='http://www.sixapart.com/ns/movablety..." isn't numeric in addition (+) at lib/MT/BackupRestore.pm line 312.
Argument "<movabletype xmlns='http://www.sixapart.com/ns/movablety..." isn't numeric in addition (+) at lib/MT/BackupRestore.pm line 312.
Argument "<movabletype xmlns='http://www.sixapart.com/ns/movablety..." isn't numeric in addition (+) at lib/MT/BackupRestore.pm line 312.
Argument "<movabletype xmlns='http://www.sixapart.com/ns/movablety..." isn't numeric in addition (+) at lib/MT/BackupRestore.pm line 312.
Argument "<movabletype xmlns='http://www.sixapart.com/ns/movablety..." isn't numeric in addition (+) at lib/MT/BackupRestore.pm line 312.
Argument "<movabletype xmlns='http://www.sixapart.com/ns/movablety..." isn't numeric in addition (+) at lib/MT/BackupRestore.pm line 312.
Argument "<movabletype xmlns='http://www.sixapart.com/ns/movablety..." isn't numeric in addition (+) at lib/MT/BackupRestore.pm line 312.
Argument "<movabletype xmlns='http://www.sixapart.com/ns/movablety..." isn't numeric in addition (+) at lib/MT/BackupRestore.pm line 312.
Argument "<movabletype xmlns='http://www.sixapart.com/ns/movablety..." isn't numeric in addition (+) at lib/MT/BackupRestore.pm line 312.
Argument "<movabletype xmlns='http://www.sixapart.com/ns/movablety..." isn't numeric in addition (+) at lib/MT/BackupRestore.pm line 312.
Argument "<movabletype xmlns='http://www.sixapart.com/ns/movablety..." isn't numeric in addition (+) at lib/MT/BackupRestore.pm line 312.
Argument "<movabletype xmlns='http://www.sixapart.com/ns/movablety..." isn't numeric in addition (+) at lib/MT/BackupRestore.pm line 312.
Argument "<movabletype xmlns='http://www.sixapart.com/ns/movablety..." isn't numeric in addition (+) at lib/MT/BackupRestore.pm line 312.
Argument "<movabletype xmlns='http://www.sixapart.com/ns/movablety..." isn't numeric in addition (+) at lib/MT/BackupRestore.pm line 312.
Argument "<movabletype xmlns='http://www.sixapart.com/ns/movablety..." isn't numeric in addition (+) at lib/MT/BackupRestore.pm line 312.
Argument "<movabletype xmlns='http://www.sixapart.com/ns/movablety..." isn't numeric in addition (+) at lib/MT/BackupRestore.pm line 312.
Argument "<movabletype xmlns='http://www.sixapart.com/ns/movablety..." isn't numeric in addition (+) at lib/MT/BackupRestore.pm line 312.
Argument "<movabletype xmlns='http://www.sixapart.com/ns/movablety..." isn't numeric in addition (+) at lib/MT/BackupRestore.pm line 312.
Argument "<movabletype xmlns='http://www.sixapart.com/ns/movablety..." isn't numeric in addition (+) at lib/MT/BackupRestore.pm line 312.
Argument "<movabletype xmlns='http://www.sixapart.com/ns/movablety..." isn't numeric in addition (+) at lib/MT/BackupRestore.pm line 312.
Argument "<movabletype xmlns='http://www.sixapart.com/ns/movablety..." isn't numeric in addition (+) at lib/MT/BackupRestore.pm line 312.
Argument "<movabletype xmlns='http://www.sixapart.com/ns/movablety..." isn't numeric in addition (+) at lib/MT/BackupRestore.pm line 312.
Argument "<movabletype xmlns='http://www.sixapart.com/ns/movablety..." isn't numeric in addition (+) at lib/MT/BackupRestore.pm line 312.
Argument "<movabletype xmlns='http://www.sixapart.com/ns/movablety..." isn't numeric in addition (+) at lib/MT/BackupRestore.pm line 312.
Argument "<movabletype xmlns='http://www.sixapart.com/ns/movablety..." isn't numeric in addition (+) at lib/MT/BackupRestore.pm line 312.
Argument "<movabletype xmlns='http://www.sixapart.com/ns/movablety..." isn't numeric in addition (+) at lib/MT/BackupRestore.pm line 312.
Argument "<movabletype xmlns='http://www.sixapart.com/ns/movablety..." isn't numeric in addition (+) at lib/MT/BackupRestore.pm line 312.
Argument "<movabletype xmlns='http://www.sixapart.com/ns/movablety..." isn't numeric in addition (+) at lib/MT/BackupRestore.pm line 312.
Argument "<movabletype xmlns='http://www.sixapart.com/ns/movablety..." isn't numeric in addition (+) at lib/MT/BackupRestore.pm line 312.
Argument "<movabletype xmlns='http://www.sixapart.com/ns/movablety..." isn't numeric in addition (+) at lib/MT/BackupRestore.pm line 312.
Argument "<movabletype xmlns='http://www.sixapart.com/ns/movablety..." isn't numeric in addition (+) at lib/MT/BackupRestore.pm line 312.
Argument "<movabletype xmlns='http://www.sixapart.com/ns/movablety..." isn't numeric in addition (+) at lib/MT/BackupRestore.pm line 312.
Argument "<movabletype xmlns='http://www.sixapart.com/ns/movablety..." isn't numeric in addition (+) at lib/MT/BackupRestore.pm line 312.
Argument "<movabletype xmlns='http://www.sixapart.com/ns/movablety..." isn't numeric in addition (+) at lib/MT/BackupRestore.pm line 312.
Argument "<movabletype xmlns='http://www.sixapart.com/ns/movablety..." isn't numeric in addition (+) at lib/MT/BackupRestore.pm line 312.
Argument "<movabletype xmlns='http://www.sixapart.com/ns/movablety..." isn't numeric in addition (+) at lib/MT/BackupRestore.pm line 312.
Argument "<movabletype xmlns='http://www.sixapart.com/ns/movablety..." isn't numeric in addition (+) at lib/MT/BackupRestore.pm line 312.
Argument "<movabletype xmlns='http://www.sixapart.com/ns/movablety..." isn't numeric in addition (+) at lib/MT/BackupRestore.pm line 312.
Argument "<movabletype xmlns='http://www.sixapart.com/ns/movablety..." isn't numeric in addition (+) at lib/MT/BackupRestore.pm line 312.
Argument "<movabletype xmlns='http://www.sixapart.com/ns/movablety..." isn't numeric in addition (+) at lib/MT/BackupRestore.pm line 312.
Argument "<movabletype xmlns='http://www.sixapart.com/ns/movablety..." isn't numeric in addition (+) at lib/MT/BackupRestore.pm line 312.
Argument "<movabletype xmlns='http://www.sixapart.com/ns/movablety..." isn't numeric in addition (+) at lib/MT/BackupRestore.pm line 312.
Argument "<movabletype xmlns='http://www.sixapart.com/ns/movablety..." isn't numeric in addition (+) at lib/MT/BackupRestore.pm line 312.
Argument "<movabletype xmlns='http://www.sixapart.com/ns/movablety..." isn't numeric in addition (+) at lib/MT/BackupRestore.pm line 312.
Argument "<movabletype xmlns='http://www.sixapart.com/ns/movablety..." isn't numeric in addition (+) at lib/MT/BackupRestore.pm line 312.
Argument "<movabletype xmlns='http://www.sixapart.com/ns/movablety..." isn't numeric in addition (+) at lib/MT/BackupRestore.pm line 312.
Argument "<movabletype xmlns='http://www.sixapart.com/ns/movablety..." isn't numeric in addition (+) at lib/MT/BackupRestore.pm line 312.
Argument "<movabletype xmlns='http://www.sixapart.com/ns/movablety..." isn't numeric in addition (+) at lib/MT/BackupRestore.pm line 312.
Argument "<movabletype xmlns='http://www.sixapart.com/ns/movablety..." isn't numeric in addition (+) at lib/MT/BackupRestore.pm line 312.
Argument "<movabletype xmlns='http://www.sixapart.com/ns/movablety..." isn't numeric in addition (+) at lib/MT/BackupRestore.pm line 312.
Argument "<movabletype xmlns='http://www.sixapart.com/ns/movablety..." isn't numeric in addition (+) at lib/MT/BackupRestore.pm line 312.
Argument "<movabletype xmlns='http://www.sixapart.com/ns/movablety..." isn't numeric in addition (+) at lib/MT/BackupRestore.pm line 312.
Argument "<movabletype xmlns='http://www.sixapart.com/ns/movablety..." isn't numeric in addition (+) at lib/MT/BackupRestore.pm line 312.
Argument "<movabletype xmlns='http://www.sixapart.com/ns/movablety..." isn't numeric in addition (+) at lib/MT/BackupRestore.pm line 312.
Argument "<movabletype xmlns='http://www.sixapart.com/ns/movablety..." isn't numeric in addition (+) at lib/MT/BackupRestore.pm line 312.
Argument "<movabletype xmlns='http://www.sixapart.com/ns/movablety..." isn't numeric in addition (+) at lib/MT/BackupRestore.pm line 312.
Argument "<movabletype xmlns='http://www.sixapart.com/ns/movablety..." isn't numeric in addition (+) at lib/MT/BackupRestore.pm line 312.
Argument "<movabletype xmlns='http://www.sixapart.com/ns/movablety..." isn't numeric in addition (+) at lib/MT/BackupRestore.pm line 312.
Argument "<movabletype xmlns='http://www.sixapart.com/ns/movablety..." isn't numeric in addition (+) at lib/MT/BackupRestore.pm line 312.
Argument "<movabletype xmlns='http://www.sixapart.com/ns/movablety..." isn't numeric in addition (+) at lib/MT/BackupRestore.pm line 312.
Argument "<movabletype xmlns='http://www.sixapart.com/ns/movablety..." isn't numeric in addition (+) at lib/MT/BackupRestore.pm line 312.
Argument "<movabletype xmlns='http://www.sixapart.com/ns/movablety..." isn't numeric in addition (+) at lib/MT/BackupRestore.pm line 312.
Argument "<movabletype xmlns='http://www.sixapart.com/ns/movablety..." isn't numeric in addition (+) at lib/MT/BackupRestore.pm line 312.
Argument "<movabletype xmlns='http://www.sixapart.com/ns/movablety..." isn't numeric in addition (+) at lib/MT/BackupRestore.pm line 312.
Argument "<movabletype xmlns='http://www.sixapart.com/ns/movablety..." isn't numeric in addition (+) at lib/MT/BackupRestore.pm line 312.
Argument "<movabletype xmlns='http://www.sixapart.com/ns/movablety..." isn't numeric in addition (+) at lib/MT/BackupRestore.pm line 312.
Argument "<movabletype xmlns='http://www.sixapart.com/ns/movablety..." isn't numeric in addition (+) at lib/MT/BackupRestore.pm line 312.
Argument "<movabletype xmlns='http://www.sixapart.com/ns/movablety..." isn't numeric in addition (+) at lib/MT/BackupRestore.pm line 312.
Argument "<movabletype xmlns='http://www.sixapart.com/ns/movablety..." isn't numeric in addition (+) at lib/MT/BackupRestore.pm line 312.
Argument "<movabletype xmlns='http://www.sixapart.com/ns/movablety..." isn't numeric in addition (+) at lib/MT/BackupRestore.pm line 312.
Argument "<movabletype xmlns='http://www.sixapart.com/ns/movablety..." isn't numeric in addition (+) at lib/MT/BackupRestore.pm line 312.
Argument "<movabletype xmlns='http://www.sixapart.com/ns/movablety..." isn't numeric in addition (+) at lib/MT/BackupRestore.pm line 312.
Argument "<movabletype xmlns='http://www.sixapart.com/ns/movablety..." isn't numeric in addition (+) at lib/MT/BackupRestore.pm line 312.
Argument "<movabletype xmlns='http://www.sixapart.com/ns/movablety..." isn't numeric in addition (+) at lib/MT/BackupRestore.pm line 312.
Argument "<movabletype xmlns='http://www.sixapart.com/ns/movablety..." isn't numeric in addition (+) at lib/MT/BackupRestore.pm line 312.
Argument "<movabletype xmlns='http://www.sixapart.com/ns/movablety..." isn't numeric in addition (+) at lib/MT/BackupRestore.pm line 312.
Argument "<movabletype xmlns='http://www.sixapart.com/ns/movablety..." isn't numeric in addition (+) at lib/MT/BackupRestore.pm line 312.
Argument "<movabletype xmlns='http://www.sixapart.com/ns/movablety..." isn't numeric in addition (+) at lib/MT/BackupRestore.pm line 312.
Argument "<movabletype xmlns='http://www.sixapart.com/ns/movablety..." isn't numeric in addition (+) at lib/MT/BackupRestore.pm line 312.
Argument "<movabletype xmlns='http://www.sixapart.com/ns/movablety..." isn't numeric in addition (+) at lib/MT/BackupRestore.pm line 312.
Argument "<movabletype xmlns='http://www.sixapart.com/ns/movablety..." isn't numeric in addition (+) at lib/MT/BackupRestore.pm line 312.
Argument "<movabletype xmlns='http://www.sixapart.com/ns/movablety..." isn't numeric in addition (+) at lib/MT/BackupRestore.pm line 312.
Argument "<movabletype xmlns='http://www.sixapart.com/ns/movablety..." isn't numeric in addition (+) at lib/MT/BackupRestore.pm line 312.
Argument "<movabletype xmlns='http://www.sixapart.com/ns/movablety..." isn't numeric in addition (+) at lib/MT/BackupRestore.pm line 312.
Argument "<movabletype xmlns='http://www.sixapart.com/ns/movablety..." isn't numeric in addition (+) at lib/MT/BackupRestore.pm line 312.
Argument "<movabletype xmlns='http://www.sixapart.com/ns/movablety..." isn't numeric in addition (+) at lib/MT/BackupRestore.pm line 312.
Argument "<movabletype xmlns='http://www.sixapart.com/ns/movablety..." isn't numeric in addition (+) at lib/MT/BackupRestore.pm line 312.
Argument "<movabletype xmlns='http://www.sixapart.com/ns/movablety..." isn't numeric in addition (+) at lib/MT/BackupRestore.pm line 312.
Argument "<movabletype xmlns='http://www.sixapart.com/ns/movablety..." isn't numeric in addition (+) at lib/MT/BackupRestore.pm line 312.
Argument "<movabletype xmlns='http://www.sixapart.com/ns/movablety..." isn't numeric in addition (+) at lib/MT/BackupRestore.pm line 312.
Argument "<movabletype xmlns='http://www.sixapart.com/ns/movablety..." isn't numeric in addition (+) at lib/MT/BackupRestore.pm line 312.
Argument "<movabletype xmlns='http://www.sixapart.com/ns/movablety..." isn't numeric in addition (+) at lib/MT/BackupRestore.pm line 312.
Argument "<movabletype xmlns='http://www.sixapart.com/ns/movablety..." isn't numeric in addition (+) at lib/MT/BackupRestore.pm line 312.
Argument "<movabletype xmlns='http://www.sixapart.com/ns/movablety..." isn't numeric in addition (+) at lib/MT/BackupRestore.pm line 312.
Argument "<movabletype xmlns='http://www.sixapart.com/ns/movablety..." isn't numeric in addition (+) at lib/MT/BackupRestore.pm line 312.
Argument "<movabletype xmlns='http://www.sixapart.com/ns/movablety..." isn't numeric in addition (+) at lib/MT/BackupRestore.pm line 312.
Argument "<movabletype xmlns='http://www.sixapart.com/ns/movablety..." isn't numeric in addition (+) at lib/MT/BackupRestore.pm line 312.
Argument "<movabletype xmlns='http://www.sixapart.com/ns/movablety..." isn't numeric in addition (+) at lib/MT/BackupRestore.pm line 312.
Argument "<movabletype xmlns='http://www.sixapart.com/ns/movablety..." isn't numeric in addition (+) at lib/MT/BackupRestore.pm line 312.
Argument "<movabletype xmlns='http://www.sixapart.com/ns/movablety..." isn't numeric in addition (+) at lib/MT/BackupRestore.pm line 312.
Argument "<movabletype xmlns='http://www.sixapart.com/ns/movablety..." isn't numeric in addition (+) at lib/MT/BackupRestore.pm line 312.
Argument "<movabletype xmlns='http://www.sixapart.com/ns/movablety..." isn't numeric in addition (+) at lib/MT/BackupRestore.pm line 312.
Argument "<movabletype xmlns='http://www.sixapart.com/ns/movablety..." isn't numeric in addition (+) at lib/MT/BackupRestore.pm line 312.
Argument "<movabletype xmlns='http://www.sixapart.com/ns/movablety..." isn't numeric in addition (+) at lib/MT/BackupRestore.pm line 312.
Argument "<movabletype xmlns='http://www.sixapart.com/ns/movablety..." isn't numeric in addition (+) at lib/MT/BackupRestore.pm line 312.
Argument "<movabletype xmlns='http://www.sixapart.com/ns/movablety..." isn't numeric in addition (+) at lib/MT/BackupRestore.pm line 312.
Argument "<movabletype xmlns='http://www.sixapart.com/ns/movablety..." isn't numeric in addition (+) at lib/MT/BackupRestore.pm line 312.
Argument "<movabletype xmlns='http://www.sixapart.com/ns/movablety..." isn't numeric in addition (+) at lib/MT/BackupRestore.pm line 312.
Argument "<movabletype xmlns='http://www.sixapart.com/ns/movablety..." isn't numeric in addition (+) at lib/MT/BackupRestore.pm line 312.
Argument "<movabletype xmlns='http://www.sixapart.com/ns/movablety..." isn't numeric in addition (+) at lib/MT/BackupRestore.pm line 312.
Argument "<movabletype xmlns='http://www.sixapart.com/ns/movablety..." isn't numeric in addition (+) at lib/MT/BackupRestore.pm line 312.
Argument "<movabletype xmlns='http://www.sixapart.com/ns/movablety..." isn't numeric in addition (+) at lib/MT/BackupRestore.pm line 312.
Argument "<movabletype xmlns='http://www.sixapart.com/ns/movablety..." isn't numeric in addition (+) at lib/MT/BackupRestore.pm line 312.
Argument "<movabletype xmlns='http://www.sixapart.com/ns/movablety..." isn't numeric in addition (+) at lib/MT/BackupRestore.pm line 312.
Argument "<movabletype xmlns='http://www.sixapart.com/ns/movablety..." isn't numeric in addition (+) at lib/MT/BackupRestore.pm line 312.
Argument "<movabletype xmlns='http://www.sixapart.com/ns/movablety..." isn't numeric in addition (+) at lib/MT/BackupRestore.pm line 312.
Argument "<movabletype xmlns='http://www.sixapart.com/ns/movablety..." isn't numeric in addition (+) at lib/MT/BackupRestore.pm line 312.
Argument "<movabletype xmlns='http://www.sixapart.com/ns/movablety..." isn't numeric in addition (+) at lib/MT/BackupRestore.pm line 312.
Argument "<movabletype xmlns='http://www.sixapart.com/ns/movablety..." isn't numeric in addition (+) at lib/MT/BackupRestore.pm line 312.
Argument "<movabletype xmlns='http://www.sixapart.com/ns/movablety..." isn't numeric in addition (+) at lib/MT/BackupRestore.pm line 312.
Argument "<movabletype xmlns='http://www.sixapart.com/ns/movablety..." isn't numeric in addition (+) at lib/MT/BackupRestore.pm line 312.
Argument "<movabletype xmlns='http://www.sixapart.com/ns/movablety..." isn't numeric in addition (+) at lib/MT/BackupRestore.pm line 312.
Argument "<movabletype xmlns='http://www.sixapart.com/ns/movablety..." isn't numeric in addition (+) at lib/MT/BackupRestore.pm line 312.
Argument "<movabletype xmlns='http://www.sixapart.com/ns/movablety..." isn't numeric in addition (+) at lib/MT/BackupRestore.pm line 312.
Argument "<movabletype xmlns='http://www.sixapart.com/ns/movablety..." isn't numeric in addition (+) at lib/MT/BackupRestore.pm line 312.
Argument "<movabletype xmlns='http://www.sixapart.com/ns/movablety..." isn't numeric in addition (+) at lib/MT/BackupRestore.pm line 312.
Argument "<movabletype xmlns='http://www.sixapart.com/ns/movablety..." isn't numeric in addition (+) at lib/MT/BackupRestore.pm line 312.
Argument "<movabletype xmlns='http://www.sixapart.com/ns/movablety..." isn't numeric in addition (+) at lib/MT/BackupRestore.pm line 312.
Argument "<movabletype xmlns='http://www.sixapart.com/ns/movablety..." isn't numeric in addition (+) at lib/MT/BackupRestore.pm line 312.
Argument "<movabletype xmlns='http://www.sixapart.com/ns/movablety..." isn't numeric in addition (+) at lib/MT/BackupRestore.pm line 312.
Argument "<movabletype xmlns='http://www.sixapart.com/ns/movablety..." isn't numeric in addition (+) at lib/MT/BackupRestore.pm line 312.
Argument "<movabletype xmlns='http://www.sixapart.com/ns/movablety..." isn't numeric in addition (+) at lib/MT/BackupRestore.pm line 312.
Argument "<movabletype xmlns='http://www.sixapart.com/ns/movablety..." isn't numeric in addition (+) at lib/MT/BackupRestore.pm line 312.
Argument "<movabletype xmlns='http://www.sixapart.com/ns/movablety..." isn't numeric in addition (+) at lib/MT/BackupRestore.pm line 312.
Argument "<movabletype xmlns='http://www.sixapart.com/ns/movablety..." isn't numeric in addition (+) at lib/MT/BackupRestore.pm line 312.
Argument "<movabletype xmlns='http://www.sixapart.com/ns/movablety..." isn't numeric in addition (+) at lib/MT/BackupRestore.pm line 312.
Argument "<movabletype xmlns='http://www.sixapart.com/ns/movablety..." isn't numeric in addition (+) at lib/MT/BackupRestore.pm line 312.
Argument "<movabletype xmlns='http://www.sixapart.com/ns/movablety..." isn't numeric in addition (+) at lib/MT/BackupRestore.pm line 312.
Argument "<movabletype xmlns='http://www.sixapart.com/ns/movablety..." isn't numeric in addition (+) at lib/MT/BackupRestore.pm line 312.
Argument "<movabletype xmlns='http://www.sixapart.com/ns/movablety..." isn't numeric in addition (+) at lib/MT/BackupRestore.pm line 312.
Argument "<movabletype xmlns='http://www.sixapart.com/ns/movablety..." isn't numeric in addition (+) at lib/MT/BackupRestore.pm line 312.
Argument "<movabletype xmlns='http://www.sixapart.com/ns/movablety..." isn't numeric in addition (+) at lib/MT/BackupRestore.pm line 312.
Argument "<movabletype xmlns='http://www.sixapart.com/ns/movablety..." isn't numeric in addition (+) at lib/MT/BackupRestore.pm line 312.
Argument "<movabletype xmlns='http://www.sixapart.com/ns/movablety..." isn't numeric in addition (+) at lib/MT/BackupRestore.pm line 312.
Argument "<movabletype xmlns='http://www.sixapart.com/ns/movablety..." isn't numeric in addition (+) at lib/MT/BackupRestore.pm line 312.
Argument "<movabletype xmlns='http://www.sixapart.com/ns/movablety..." isn't numeric in addition (+) at lib/MT/BackupRestore.pm line 312.
Argument "<movabletype xmlns='http://www.sixapart.com/ns/movablety..." isn't numeric in addition (+) at lib/MT/BackupRestore.pm line 312.
Argument "<movabletype xmlns='http://www.sixapart.com/ns/movablety..." isn't numeric in addition (+) at lib/MT/BackupRestore.pm line 312.
Argument "<movabletype xmlns='http://www.sixapart.com/ns/movablety..." isn't numeric in addition (+) at lib/MT/BackupRestore.pm line 312.
Argument "<movabletype xmlns='http://www.sixapart.com/ns/movablety..." isn't numeric in addition (+) at lib/MT/BackupRestore.pm line 312.
Argument "<movabletype xmlns='http://www.sixapart.com/ns/movablety..." isn't numeric in addition (+) at lib/MT/BackupRestore.pm line 312.
Argument "<movabletype xmlns='http://www.sixapart.com/ns/movablety..." isn't numeric in addition (+) at lib/MT/BackupRestore.pm line 312.
Argument "<movabletype xmlns='http://www.sixapart.com/ns/movablety..." isn't numeric in addition (+) at lib/MT/BackupRestore.pm line 312.
Argument "<movabletype xmlns='http://www.sixapart.com/ns/movablety..." isn't numeric in addition (+) at lib/MT/BackupRestore.pm line 312.
Argument "<movabletype xmlns='http://www.sixapart.com/ns/movablety..." isn't numeric in addition (+) at lib/MT/BackupRestore.pm line 312.
Argument "<movabletype xmlns='http://www.sixapart.com/ns/movablety..." isn't numeric in addition (+) at lib/MT/BackupRestore.pm line 312.
Argument "<movabletype xmlns='http://www.sixapart.com/ns/movablety..." isn't numeric in addition (+) at lib/MT/BackupRestore.pm line 312.
Argument "<movabletype xmlns='http://www.sixapart.com/ns/movablety..." isn't numeric in addition (+) at lib/MT/BackupRestore.pm line 312.
Argument "<movabletype xmlns='http://www.sixapart.com/ns/movablety..." isn't numeric in addition (+) at lib/MT/BackupRestore.pm line 312.
Argument "<movabletype xmlns='http://www.sixapart.com/ns/movablety..." isn't numeric in addition (+) at lib/MT/BackupRestore.pm line 312.
Argument "<movabletype xmlns='http://www.sixapart.com/ns/movablety..." isn't numeric in addition (+) at lib/MT/BackupRestore.pm line 312.
Argument "<movabletype xmlns='http://www.sixapart.com/ns/movablety..." isn't numeric in addition (+) at lib/MT/BackupRestore.pm line 312.
Argument "<movabletype xmlns='http://www.sixapart.com/ns/movablety..." isn't numeric in addition (+) at lib/MT/BackupRestore.pm line 312.
Argument "<movabletype xmlns='http://www.sixapart.com/ns/movablety..." isn't numeric in addition (+) at lib/MT/BackupRestore.pm line 312.
Argument "<movabletype xmlns='http://www.sixapart.com/ns/movablety..." isn't numeric in addition (+) at lib/MT/BackupRestore.pm line 312.
Argument "<movabletype xmlns='http://www.sixapart.com/ns/movablety..." isn't numeric in addition (+) at lib/MT/BackupRestore.pm line 312.
Argument "<movabletype xmlns='http://www.sixapart.com/ns/movablety..." isn't numeric in addition (+) at lib/MT/BackupRestore.pm line 312.
Argument "<movabletype xmlns='http://www.sixapart.com/ns/movablety..." isn't numeric in addition (+) at lib/MT/BackupRestore.pm line 312.
Argument "<movabletype xmlns='http://www.sixapart.com/ns/movablety..." isn't numeric in addition (+) at lib/MT/BackupRestore.pm line 312.
Argument "<movabletype xmlns='http://www.sixapart.com/ns/movablety..." isn't numeric in addition (+) at lib/MT/BackupRestore.pm line 312.
Argument "<movabletype xmlns='http://www.sixapart.com/ns/movablety..." isn't numeric in addition (+) at lib/MT/BackupRestore.pm line 312.
Argument "<movabletype xmlns='http://www.sixapart.com/ns/movablety..." isn't numeric in addition (+) at lib/MT/BackupRestore.pm line 312.
Argument "<movabletype xmlns='http://www.sixapart.com/ns/movablety..." isn't numeric in addition (+) at lib/MT/BackupRestore.pm line 312.
Argument "<movabletype xmlns='http://www.sixapart.com/ns/movablety..." isn't numeric in addition (+) at lib/MT/BackupRestore.pm line 312.
Argument "<movabletype xmlns='http://www.sixapart.com/ns/movablety..." isn't numeric in addition (+) at lib/MT/BackupRestore.pm line 312.
Argument "<movabletype xmlns='http://www.sixapart.com/ns/movablety..." isn't numeric in addition (+) at lib/MT/BackupRestore.pm line 312.
Argument "<movabletype xmlns='http://www.sixapart.com/ns/movablety..." isn't numeric in addition (+) at lib/MT/BackupRestore.pm line 312.
Argument "<movabletype xmlns='http://www.sixapart.com/ns/movablety..." isn't numeric in addition (+) at lib/MT/BackupRestore.pm line 312.
Argument "<movabletype xmlns='http://www.sixapart.com/ns/movablety..." isn't numeric in addition (+) at lib/MT/BackupRestore.pm line 312.
Argument "<movabletype xmlns='http://www.sixapart.com/ns/movablety..." isn't numeric in addition (+) at lib/MT/BackupRestore.pm line 312.
Argument "<movabletype xmlns='http://www.sixapart.com/ns/movablety..." isn't numeric in addition (+) at lib/MT/BackupRestore.pm line 312.
Argument "<movabletype xmlns='http://www.sixapart.com/ns/movablety..." isn't numeric in addition (+) at lib/MT/BackupRestore.pm line 312.
Argument "<movabletype xmlns='http://www.sixapart.com/ns/movablety..." isn't numeric in addition (+) at lib/MT/BackupRestore.pm line 312.
Argument "<movabletype xmlns='http://www.sixapart.com/ns/movablety..." isn't numeric in addition (+) at lib/MT/BackupRestore.pm line 312.
Argument "<movabletype xmlns='http://www.sixapart.com/ns/movablety..." isn't numeric in addition (+) at lib/MT/BackupRestore.pm line 312.
Argument "<movabletype xmlns='http://www.sixapart.com/ns/movablety..." isn't numeric in addition (+) at lib/MT/BackupRestore.pm line 312.
Argument "<movabletype xmlns='http://www.sixapart.com/ns/movablety..." isn't numeric in addition (+) at lib/MT/BackupRestore.pm line 312.
Argument "<movabletype xmlns='http://www.sixapart.com/ns/movablety..." isn't numeric in addition (+) at lib/MT/BackupRestore.pm line 312.
Argument "<movabletype xmlns='http://www.sixapart.com/ns/movablety..." isn't numeric in addition (+) at lib/MT/BackupRestore.pm line 312.
Argument "<movabletype xmlns='http://www.sixapart.com/ns/movablety..." isn't numeric in addition (+) at lib/MT/BackupRestore.pm line 312.
Argument "<movabletype xmlns='http://www.sixapart.com/ns/movablety..." isn't numeric in addition (+) at lib/MT/BackupRestore.pm line 312.
Argument "<movabletype xmlns='http://www.sixapart.com/ns/movablety..." isn't numeric in addition (+) at lib/MT/BackupRestore.pm line 312.
Argument "<movabletype xmlns='http://www.sixapart.com/ns/movablety..." isn't numeric in addition (+) at lib/MT/BackupRestore.pm line 312.
Argument "<movabletype xmlns='http://www.sixapart.com/ns/movablety..." isn't numeric in addition (+) at lib/MT/BackupRestore.pm line 312.
Argument "<movabletype xmlns='http://www.sixapart.com/ns/movablety..." isn't numeric in addition (+) at lib/MT/BackupRestore.pm line 312.
Argument "<movabletype xmlns='http://www.sixapart.com/ns/movablety..." isn't numeric in addition (+) at lib/MT/BackupRestore.pm line 312.
Argument "<movabletype xmlns='http://www.sixapart.com/ns/movablety..." isn't numeric in addition (+) at lib/MT/BackupRestore.pm line 312.
Argument "<movabletype xmlns='http://www.sixapart.com/ns/movablety..." isn't numeric in addition (+) at lib/MT/BackupRestore.pm line 312.
Argument "<movabletype xmlns='http://www.sixapart.com/ns/movablety..." isn't numeric in addition (+) at lib/MT/BackupRestore.pm line 312.
Argument "<movabletype xmlns='http://www.sixapart.com/ns/movablety..." isn't numeric in addition (+) at lib/MT/BackupRestore.pm line 312.
Argument "<movabletype xmlns='http://www.sixapart.com/ns/movablety..." isn't numeric in addition (+) at lib/MT/BackupRestore.pm line 312.
Argument "<movabletype xmlns='http://www.sixapart.com/ns/movablety..." isn't numeric in addition (+) at lib/MT/BackupRestore.pm line 312.
Argument "<movabletype xmlns='http://www.sixapart.com/ns/movablety..." isn't numeric in addition (+) at lib/MT/BackupRestore.pm line 312.
Argument "<movabletype xmlns='http://www.sixapart.com/ns/movablety..." isn't numeric in addition (+) at lib/MT/BackupRestore.pm line 312.
Argument "<movabletype xmlns='http://www.sixapart.com/ns/movablety..." isn't numeric in addition (+) at lib/MT/BackupRestore.pm line 312.
Argument "<movabletype xmlns='http://www.sixapart.com/ns/movablety..." isn't numeric in addition (+) at lib/MT/BackupRestore.pm line 312.
Argument "<movabletype xmlns='http://www.sixapart.com/ns/movablety..." isn't numeric in addition (+) at lib/MT/BackupRestore.pm line 312.
Argument "<movabletype xmlns='http://www.sixapart.com/ns/movablety..." isn't numeric in addition (+) at lib/MT/BackupRestore.pm line 312.
Use of uninitialized value in string ne at lib/MT/BackupRestore/BackupFileHandler.pm line 76.
Use of uninitialized value in numeric eq (==) at lib/MT/BackupRestore.pm line 877.
Use of uninitialized value in numeric eq (==) at lib/MT/BackupRestore.pm line 877.
Use of uninitialized value in numeric eq (==) at lib/MT/BackupRestore.pm line 877.
Use of uninitialized value in numeric eq (==) at lib/MT/BackupRestore.pm line 877.
Use of uninitialized value in numeric eq (==) at lib/MT/BackupRestore.pm line 877.
Use of uninitialized value in numeric eq (==) at lib/MT/BackupRestore.pm line 877.
Use of uninitialized value in numeric eq (==) at lib/MT/BackupRestore.pm line 877.
Use of uninitialized value in numeric eq (==) at lib/MT/BackupRestore.pm line 877.
Use of uninitialized value in numeric eq (==) at lib/MT/BackupRestore.pm line 877.
Use of uninitialized value in numeric eq (==) at lib/MT/BackupRestore.pm line 877.
Use of uninitialized value in numeric eq (==) at lib/MT/BackupRestore.pm line 877.
Use of uninitialized value in numeric eq (==) at lib/MT/BackupRestore.pm line 877.
Use of uninitialized value in numeric eq (==) at lib/MT/BackupRestore.pm line 877.
Use of uninitialized value in numeric eq (==) at lib/MT/BackupRestore.pm line 877.
Use of uninitialized value in numeric eq (==) at lib/MT/BackupRestore.pm line 877.
Use of uninitialized value in numeric eq (==) at lib/MT/BackupRestore.pm line 877.
Use of uninitialized value in numeric eq (==) at lib/MT/BackupRestore.pm line 877.
Use of uninitialized value in numeric eq (==) at lib/MT/BackupRestore.pm line 877.
Use of uninitialized value in numeric eq (==) at lib/MT/BackupRestore.pm line 877.
Use of uninitialized value in numeric eq (==) at lib/MT/BackupRestore.pm line 877.
Use of uninitialized value in numeric eq (==) at lib/MT/BackupRestore.pm line 877.
Use of uninitialized value in numeric eq (==) at lib/MT/BackupRestore.pm line 877.
Use of uninitialized value in numeric eq (==) at lib/MT/BackupRestore.pm line 877.
Use of uninitialized value in numeric eq (==) at lib/MT/BackupRestore.pm line 877.
Use of uninitialized value in numeric eq (==) at lib/MT/BackupRestore.pm line 877.
Use of uninitialized value in numeric eq (==) at lib/MT/BackupRestore.pm line 877.
Use of uninitialized value in numeric eq (==) at lib/MT/BackupRestore.pm line 877.
Use of uninitialized value in numeric eq (==) at lib/MT/BackupRestore.pm line 877.
Use of uninitialized value in numeric eq (==) at lib/MT/BackupRestore.pm line 877.
Use of uninitialized value in numeric eq (==) at lib/MT/BackupRestore.pm line 877.
Use of uninitialized value in numeric eq (==) at lib/MT/BackupRestore.pm line 877.
Use of uninitialized value in numeric eq (==) at lib/MT/BackupRestore.pm line 877.
Use of uninitialized value in numeric eq (==) at lib/MT/BackupRestore.pm line 877.
Use of uninitialized value in numeric eq (==) at lib/MT/BackupRestore.pm line 877.
Use of uninitialized value in numeric eq (==) at lib/MT/BackupRestore.pm line 877.
Use of uninitialized value in numeric eq (==) at lib/MT/BackupRestore.pm line 877.
Use of uninitialized value in numeric eq (==) at lib/MT/BackupRestore.pm line 877.
Use of uninitialized value in numeric eq (==) at lib/MT/BackupRestore.pm line 877.
Use of uninitialized value in numeric eq (==) at lib/MT/BackupRestore.pm line 877.
Use of uninitialized value in numeric eq (==) at lib/MT/BackupRestore.pm line 877.
Use of uninitialized value in numeric eq (==) at lib/MT/BackupRestore.pm line 877.
Use of uninitialized value in numeric eq (==) at lib/MT/BackupRestore.pm line 877.
Use of uninitialized value in numeric eq (==) at lib/MT/BackupRestore.pm line 877.
Use of uninitialized value in numeric eq (==) at lib/MT/BackupRestore.pm line 877.
Use of uninitialized value in numeric eq (==) at lib/MT/BackupRestore.pm line 877.
Use of uninitialized value in numeric eq (==) at lib/MT/BackupRestore.pm line 877.
Use of uninitialized value in numeric eq (==) at lib/MT/BackupRestore.pm line 877.
Use of uninitialized value in numeric eq (==) at lib/MT/BackupRestore.pm line 877.
Use of uninitialized value in numeric eq (==) at lib/MT/BackupRestore.pm line 877.
Use of uninitialized value in numeric eq (==) at lib/MT/BackupRestore.pm line 877.
Use of uninitialized value in numeric eq (==) at lib/MT/BackupRestore.pm line 877.
Use of uninitialized value in numeric eq (==) at lib/MT/BackupRestore.pm line 877.
Use of uninitialized value in numeric eq (==) at lib/MT/BackupRestore.pm line 877.
Use of uninitialized value in numeric eq (==) at lib/MT/BackupRestore.pm line 877.
Use of uninitialized value in numeric eq (==) at lib/MT/BackupRestore.pm line 877.
Use of uninitialized value in numeric eq (==) at lib/MT/BackupRestore.pm line 877.
Use of uninitialized value in numeric eq (==) at lib/MT/BackupRestore.pm line 877.
Use of uninitialized value in numeric eq (==) at lib/MT/BackupRestore.pm line 877.
Use of uninitialized value in numeric eq (==) at lib/MT/BackupRestore.pm line 877.
Use of uninitialized value in numeric eq (==) at lib/MT/BackupRestore.pm line 877.
Use of uninitialized value in numeric eq (==) at lib/MT/BackupRestore.pm line 877.
Use of uninitialized value in numeric eq (==) at lib/MT/BackupRestore.pm line 877.
Use of uninitialized value in numeric eq (==) at lib/MT/BackupRestore.pm line 877.
Use of uninitialized value in numeric eq (==) at lib/MT/BackupRestore.pm line 877.
Use of uninitialized value in numeric eq (==) at lib/MT/BackupRestore.pm line 877.
Use of uninitialized value in numeric eq (==) at lib/MT/BackupRestore.pm line 877.
Use of uninitialized value in numeric eq (==) at lib/MT/BackupRestore.pm line 877.
Use of uninitialized value in numeric eq (==) at lib/MT/BackupRestore.pm line 877.
Use of uninitialized value in numeric eq (==) at lib/MT/BackupRestore.pm line 877.
Use of uninitialized value in numeric eq (==) at lib/MT/BackupRestore.pm line 877.
Use of uninitialized value in numeric eq (==) at lib/MT/BackupRestore.pm line 877.
Use of uninitialized value in numeric eq (==) at lib/MT/BackupRestore.pm line 877.
Use of uninitialized value in numeric eq (==) at lib/MT/BackupRestore.pm line 877.
Use of uninitialized value in numeric eq (==) at lib/MT/BackupRestore.pm line 877.
Use of uninitialized value in numeric eq (==) at lib/MT/BackupRestore.pm line 877.
Use of uninitialized value in numeric eq (==) at lib/MT/BackupRestore.pm line 877.
Use of uninitialized value in numeric eq (==) at lib/MT/BackupRestore.pm line 877.
Use of uninitialized value in numeric eq (==) at lib/MT/BackupRestore.pm line 877.
Use of uninitialized value in numeric eq (==) at lib/MT/BackupRestore.pm line 877.
Use of uninitialized value in numeric eq (==) at lib/MT/BackupRestore.pm line 877.
Use of uninitialized value in numeric eq (==) at lib/MT/BackupRestore.pm line 877.
Use of uninitialized value in numeric eq (==) at lib/MT/BackupRestore.pm line 877.
Use of uninitialized value in numeric eq (==) at lib/MT/BackupRestore.pm line 877.
Use of uninitialized value in numeric eq (==) at lib/MT/BackupRestore.pm line 877.
Use of uninitialized value in numeric eq (==) at lib/MT/BackupRestore.pm line 877.
Use of uninitialized value in numeric eq (==) at lib/MT/BackupRestore.pm line 877.
Use of uninitialized value in numeric eq (==) at lib/MT/BackupRestore.pm line 877.
Use of uninitialized value in numeric eq (==) at lib/MT/BackupRestore.pm line 877.
Use of uninitialized value in numeric eq (==) at lib/MT/BackupRestore.pm line 877.
Use of uninitialized value in numeric eq (==) at lib/MT/BackupRestore.pm line 877.
Use of uninitialized value in numeric eq (==) at lib/MT/BackupRestore.pm line 877.
Use of uninitialized value in numeric eq (==) at lib/MT/BackupRestore.pm line 877.
Use of uninitialized value in numeric eq (==) at lib/MT/BackupRestore.pm line 877.
Use of uninitialized value in numeric eq (==) at lib/MT/BackupRestore.pm line 877.
Use of uninitialized value in numeric eq (==) at lib/MT/BackupRestore.pm line 877.
Use of uninitialized value in numeric eq (==) at lib/MT/BackupRestore.pm line 877.
Use of uninitialized value in numeric eq (==) at lib/MT/BackupRestore.pm line 877.
Use of uninitialized value in numeric eq (==) at lib/MT/BackupRestore.pm line 877.
Use of uninitialized value in numeric eq (==) at lib/MT/BackupRestore.pm line 877.
Use of uninitialized value in numeric eq (==) at lib/MT/BackupRestore.pm line 877.
Use of uninitialized value in numeric eq (==) at lib/MT/BackupRestore.pm line 877.
Use of uninitialized value in numeric eq (==) at lib/MT/BackupRestore.pm line 877.
Use of uninitialized value in numeric eq (==) at lib/MT/BackupRestore.pm line 877.
Use of uninitialized value in numeric eq (==) at lib/MT/BackupRestore.pm line 877.
Argument "'administer_blog'" isn't numeric in sort at lib/MT/BackupRestore/BackupFileHandler.pm line 322.
Argument "'administer_blog'" isn't numeric in sort at lib/MT/BackupRestore/BackupFileHandler.pm line 323.
Argument "'comment'" isn't numeric in sort at lib/MT/BackupRestore/BackupFileHandler.pm line 322.
Argument "'create_post'" isn't numeric in sort at lib/MT/BackupRestore/BackupFileHandler.pm line 322.
Argument "'publish_post'" isn't numeric in sort at lib/MT/BackupRestore/BackupFileHandler.pm line 322.
Argument "'edit_all_posts'" isn't numeric in sort at lib/MT/BackupRestore/BackupFileHandler.pm line 322.
Argument "'edit_categories'" isn't numeric in sort at lib/MT/BackupRestore/BackupFileHandler.pm line 322.
Argument "'edit_tags'" isn't numeric in sort at lib/MT/BackupRestore/BackupFileHandler.pm line 322.
Argument "'manage_pages'" isn't numeric in sort at lib/MT/BackupRestore/BackupFileHandler.pm line 322.
Argument "'rebuild'" isn't numeric in sort at lib/MT/BackupRestore/BackupFileHandler.pm line 322.
Argument "'upload'" isn't numeric in sort at lib/MT/BackupRestore/BackupFileHandler.pm line 322.
Argument "'send_notifications'" isn't numeric in sort at lib/MT/BackupRestore/BackupFileHandler.pm line 322.
Argument "'manage_feedback'" isn't numeric in sort at lib/MT/BackupRestore/BackupFileHandler.pm line 322.
Argument "'edit_assets'" isn't numeric in sort at lib/MT/BackupRestore/BackupFileHandler.pm line 322.
Argument "'comment'" isn't numeric in sort at lib/MT/BackupRestore/BackupFileHandler.pm line 323.
Argument "'create_post'" isn't numeric in sort at lib/MT/BackupRestore/BackupFileHandler.pm line 323.
Argument "'publish_post'" isn't numeric in sort at lib/MT/BackupRestore/BackupFileHandler.pm line 323.
Argument "'edit_all_posts'" isn't numeric in sort at lib/MT/BackupRestore/BackupFileHandler.pm line 323.
Argument "'edit_categories'" isn't numeric in sort at lib/MT/BackupRestore/BackupFileHandler.pm line 323.
Argument "'edit_tags'" isn't numeric in sort at lib/MT/BackupRestore/BackupFileHandler.pm line 323.
Argument "'manage_pages'" isn't numeric in sort at lib/MT/BackupRestore/BackupFileHandler.pm line 323.
Argument "'rebuild'" isn't numeric in sort at lib/MT/BackupRestore/BackupFileHandler.pm line 323.
Argument "'upload'" isn't numeric in sort at lib/MT/BackupRestore/BackupFileHandler.pm line 323.
Argument "'send_notifications'" isn't numeric in sort at lib/MT/BackupRestore/BackupFileHandler.pm line 323.
Argument "'manage_feedback'" isn't numeric in sort at lib/MT/BackupRestore/BackupFileHandler.pm line 323.
Argument "'edit_assets'" isn't numeric in sort at lib/MT/BackupRestore/BackupFileHandler.pm line 323.
Argument "'comment'" isn't numeric in sort at lib/MT/BackupRestore/BackupFileHandler.pm line 322.
Argument "'create_post'" isn't numeric in sort at lib/MT/BackupRestore/BackupFileHandler.pm line 322.
Argument "'publish_post'" isn't numeric in sort at lib/MT/BackupRestore/BackupFileHandler.pm line 322.
Argument "'upload'" isn't numeric in sort at lib/MT/BackupRestore/BackupFileHandler.pm line 322.
Argument "'send_notifications'" isn't numeric in sort at lib/MT/BackupRestore/BackupFileHandler.pm line 322.
Argument "'comment'" isn't numeric in sort at lib/MT/BackupRestore/BackupFileHandler.pm line 323.
Argument "'create_post'" isn't numeric in sort at lib/MT/BackupRestore/BackupFileHandler.pm line 323.
Argument "'publish_post'" isn't numeric in sort at lib/MT/BackupRestore/BackupFileHandler.pm line 323.
Argument "'upload'" isn't numeric in sort at lib/MT/BackupRestore/BackupFileHandler.pm line 323.
Argument "'send_notifications'" isn't numeric in sort at lib/MT/BackupRestore/BackupFileHandler.pm line 323.
Argument "'edit_templates'" isn't numeric in sort at lib/MT/BackupRestore/BackupFileHandler.pm line 322.
Argument "'rebuild'" isn't numeric in sort at lib/MT/BackupRestore/BackupFileHandler.pm line 322.
Argument "'edit_templates'" isn't numeric in sort at lib/MT/BackupRestore/BackupFileHandler.pm line 323.
Argument "'rebuild'" isn't numeric in sort at lib/MT/BackupRestore/BackupFileHandler.pm line 323.
Argument "'manage_pages'" isn't numeric in sort at lib/MT/BackupRestore/BackupFileHandler.pm line 322.
Argument "'rebuild'" isn't numeric in sort at lib/MT/BackupRestore/BackupFileHandler.pm line 322.
Argument "'manage_pages'" isn't numeric in sort at lib/MT/BackupRestore/BackupFileHandler.pm line 323.
Argument "'rebuild'" isn't numeric in sort at lib/MT/BackupRestore/BackupFileHandler.pm line 323.
Argument "'comment'" isn't numeric in sort at lib/MT/BackupRestore/BackupFileHandler.pm line 322.
Argument "'create_post'" isn't numeric in sort at lib/MT/BackupRestore/BackupFileHandler.pm line 322.
Argument "'comment'" isn't numeric in sort at lib/MT/BackupRestore/BackupFileHandler.pm line 323.
Argument "'create_post'" isn't numeric in sort at lib/MT/BackupRestore/BackupFileHandler.pm line 323.
Argument "'comment'" isn't numeric in sort at lib/MT/BackupRestore/BackupFileHandler.pm line 322.
Argument "'manage_feedback'" isn't numeric in sort at lib/MT/BackupRestore/BackupFileHandler.pm line 322.
Argument "'comment'" isn't numeric in sort at lib/MT/BackupRestore/BackupFileHandler.pm line 323.
Argument "'manage_feedback'" isn't numeric in sort at lib/MT/BackupRestore/BackupFileHandler.pm line 323.
Argument "'comment'" isn't numeric in sort at lib/MT/BackupRestore/BackupFileHandler.pm line 322.
Argument "'comment'" isn't numeric in sort at lib/MT/BackupRestore/BackupFileHandler.pm line 323.
Use of uninitialized value $class in concatenation (.) or string at lib/MT/BackupRestore.pm line 1080.
Use of uninitialized value $class in concatenation (.) or string at lib/MT/BackupRestore.pm line 1080.
Use of uninitialized value $class in concatenation (.) or string at lib/MT/BackupRestore.pm line 1080.
Use of uninitialized value $class in concatenation (.) or string at lib/MT/BackupRestore.pm line 1080.
Use of uninitialized value $class in concatenation (.) or string at lib/MT/BackupRestore.pm line 1080.
Use of uninitialized value $class in concatenation (.) or string at lib/MT/BackupRestore.pm line 1080.
Use of uninitialized value in numeric eq (==) at lib/MT/BackupRestore.pm line 877.
Use of uninitialized value in numeric eq (==) at lib/MT/BackupRestore.pm line 877.
Use of uninitialized value in numeric eq (==) at lib/MT/BackupRestore.pm line 877.
Use of uninitialized value in numeric eq (==) at lib/MT/BackupRestore.pm line 877.
Use of uninitialized value in numeric eq (==) at lib/MT/BackupRestore.pm line 877.
Use of uninitialized value in numeric eq (==) at lib/MT/BackupRestore.pm line 877.
Use of uninitialized value in numeric eq (==) at lib/MT/BackupRestore.pm line 877.
Use of uninitialized value in numeric eq (==) at lib/MT/BackupRestore.pm line 877.
Use of uninitialized value in numeric eq (==) at lib/MT/BackupRestore.pm line 877.
Use of uninitialized value in numeric eq (==) at lib/MT/BackupRestore.pm line 877.
t/61-to_from_xml.t ....... ok
Reference found where even-sized list expected at lib/MT/Asset/Image.pm line 99.
t/62-asset.t ............. ok
Use of uninitialized value in string ne at lib/MT/Object.pm line 135.
Use of uninitialized value in concatenation (.) or string at lib/MT/Object.pm line 136.
Use of uninitialized value in string ne at lib/MT/Object.pm line 135.
Use of uninitialized value in concatenation (.) or string at lib/MT/Object.pm line 136.
Use of uninitialized value in string ne at lib/MT/Object.pm line 135.
Use of uninitialized value in concatenation (.) or string at lib/MT/Object.pm line 136.
Use of uninitialized value in string eq at t/63-objectclasses.t line 66.
Use of uninitialized value in string eq at t/63-objectclasses.t line 66.
t/63-objectclasses.t ..... ok
# saving object
# object saved
t/64-objectmeta.t ........ ok
t/65-ssi.t ............... ok
t/66-templatecache.t ..... ok
DEPRECATION WARNING: Direct assignment to $app->{query} in main at line 129 will break in the near future. Use $app->query( OBJ ) instead. See MT::App POD for details.
DEPRECATION WARNING: Direct access to $app->{query} in main at line 131 will break in the near future. Use $app->query instead. See MT::App POD for details.
DEPRECATION WARNING: Use of $app->param to fetch a hash of query parameters in main at line 160 will break in the future. Use $app->query->param instead.
DEPRECATION WARNING: Use of $app->param to fetch the CGI query object in main at line 171 will break in the future. Use $app->query instead.
DEPRECATION WARNING: Use of $app->param to get/set query object properties in main at line 178 will break in the future. Use $app->query->param() instead.
DEPRECATION WARNING: Use of $app->param to get/set query object properties in main at line 181 will break in the future. Use $app->query->param() instead.
DEPRECATION WARNING: Direct assignment to $app->{query} in main at line 129 will break in the near future. Use $app->query( OBJ ) instead. See MT::App POD for details.
DEPRECATION WARNING: Direct access to $app->{query} in main at line 131 will break in the near future. Use $app->query instead. See MT::App POD for details.
DEPRECATION WARNING: Use of $app->param to fetch a hash of query parameters in main at line 160 will break in the future. Use $app->query->param instead.
DEPRECATION WARNING: Use of $app->param to fetch the CGI query object in main at line 171 will break in the future. Use $app->query instead.
DEPRECATION WARNING: Use of $app->param to get/set query object properties in main at line 178 will break in the future. Use $app->query->param() instead.
DEPRECATION WARNING: Use of $app->param to get/set query object properties in main at line 181 will break in the future. Use $app->query->param() instead.
t/70-app-query.t ......... ok
# Looks like you planned 112 tests but ran 106.
t/80-serialize.t ......... 
Dubious, test returned 255 (wstat 65280, 0xff00)
Failed 6/112 subtests 
	(less 12 skipped subtests: 94 okay)

#   Failed test 'Comment was found: Status: 200 OK
# Pragma: no-cache
# Content-Type: text/javascript; charset=UTF-8
# 
# '
#   at t/81-pagination.t line 54.

#   Failed test 'Comment was found: Status: 200 OK
# Pragma: no-cache
# Content-Type: text/javascript; charset=UTF-8
# 
# '
#   at t/81-pagination.t line 54.

#   Failed test 'Comment was found: Status: 200 OK
# Pragma: no-cache
# Content-Type: text/javascript; charset=UTF-8
# 
# '
#   at t/81-pagination.t line 54.

#   Failed test 'Comment was found: Status: 200 OK
# Pragma: no-cache
# Content-Type: text/javascript; charset=UTF-8
# 
# '
#   at t/81-pagination.t line 54.

#   Failed test 'Comment was found: Status: 200 OK
# Pragma: no-cache
# Content-Type: text/javascript; charset=UTF-8
# 
# '
#   at t/81-pagination.t line 54.

#   Failed test 'Comment was found: Status: 200 OK
# Pragma: no-cache
# Content-Type: text/javascript; charset=UTF-8
# 
# '
#   at t/81-pagination.t line 54.

#   Failed test 'Comment was found: Status: 200 OK
# Pragma: no-cache
# Content-Type: text/javascript; charset=UTF-8
# 
# '
#   at t/81-pagination.t line 54.

#   Failed test 'Comment was found: Status: 200 OK
# Pragma: no-cache
# Content-Type: text/javascript; charset=UTF-8
# 
# '
#   at t/81-pagination.t line 54.

#   Failed test 'Comment was found: Status: 200 OK
# Pragma: no-cache
# Content-Type: text/javascript; charset=UTF-8
# 
# '
#   at t/81-pagination.t line 54.

#   Failed test 'Comment was found: Status: 200 OK
# Pragma: no-cache
# Content-Type: text/javascript; charset=UTF-8
# 
# '
#   at t/81-pagination.t line 54.

#   Failed test 'Comment was found: Status: 200 OK
# Pragma: no-cache
# Content-Type: text/javascript; charset=UTF-8
# 
# '
#   at t/81-pagination.t line 54.

#   Failed test 'Comment was found: Status: 200 OK
# Pragma: no-cache
# Content-Type: text/javascript; charset=UTF-8
# 
# '
#   at t/81-pagination.t line 54.
# Looks like you failed 12 tests of 20.
t/81-pagination.t ........ 
Dubious, test returned 12 (wstat 3072, 0xc00)
Failed 12/20 subtests 

#   Failed test 'POD test for lib/MT/Callback.pod'
#   at /opt/local/lib/perl5/vendor_perl/5.10.1/Test/Pod.pm line 182.
# lib/MT/Callback.pod (764): =back without =over

#   Failed test 'POD test for plugins/ThemeExport/lib/MT/Theme/Exporter.pm'
#   at /opt/local/lib/perl5/vendor_perl/5.10.1/Test/Pod.pm line 182.
# plugins/ThemeExport/lib/MT/Theme/Exporter.pm (622): You can't have =items (as at line 627) unless the first thing after the =over is an =item
# plugins/ThemeExport/lib/MT/Theme/Exporter.pm (704): Unterminated L<...> sequence

#   Failed test 'POD test for plugins/ThemeExport/lib/MT/Theme/Util.pm'
#   at /opt/local/lib/perl5/vendor_perl/5.10.1/Test/Pod.pm line 182.
# plugins/ThemeExport/lib/MT/Theme/Util.pm (43): Unterminated L<...> sequence
# Looks like you failed 3 tests of 323.
t/89-pod.t ............... 
Dubious, test returned 3 (wstat 768, 0x300)
Failed 3/323 subtests 
Can't locate Melody/Util/Test.pm in @INC (@INC contains: t/inc/lib extlib lib /Users/jay/code/omt/openmelody/lib /opt/local/lib/perl5/vendor_perl/5.10.1/darwin-multi-2level /opt/local/lib/perl5/vendor_perl/5.10.1 /opt/local/lib/perl5/5.10.1/darwin-multi-2level /opt/local/lib/perl5/5.10.1 /opt/local/lib/perl5/site_perl/5.10.1/darwin-multi-2level /opt/local/lib/perl5/site_perl/5.10.1 /usr/local/lib/perl5/5.10.1/darwin-multi-2level /usr/local/lib/perl5/5.10.1 /usr/local/lib/perl5/darwin-multi-2level /usr/local/lib/perl5/site_perl/5.10.1/darwin-multi-2level /usr/local/lib/perl5/site_perl/5.10.1 /opt/local/lib/perl5/site_perl/5.8.9 /opt/local/lib/perl5/site_perl/5.8.8 /opt/local/lib/perl5/site_perl /opt/local/lib/perl5/vendor_perl/5.8.9 /opt/local/lib/perl5/vendor_perl/5.8.8 /opt/local/lib/perl5/vendor_perl .) at t/90-podcoverage.t line 12.
BEGIN failed--compilation aborted at t/90-podcoverage.t line 12.
t/90-podcoverage.t ....... 
Dubious, test returned 2 (wstat 512, 0x200)
No subtests run 
# Checking for tag documentation for component core
# Reading module lib/MT/Template/ContextHandlers.pm
# Reading module lib/MT/Template/Context/Search.pm

#   Failed test 'component core, function tag EntryAuthorNickname'
#   at t/91-tagcoverage.t line 110.

#   Failed test 'component core, function tag AuthorEntriesCount'
#   at t/91-tagcoverage.t line 110.

#   Failed test 'component core, function tag AuthorCommentCount'
#   at t/91-tagcoverage.t line 110.

#   Failed test 'component core, block tag CategoryTags'
#   at t/91-tagcoverage.t line 120.
# Checking for tag documentation for component multiblog
# Reading module /Users/jay/code/omt/openmelody/addons/MultiBlog.plugin/lib/MultiBlog/Tags.pm

#   Failed test 'component multiblog, block tag OtherBlog'
#   at t/91-tagcoverage.t line 120.

#   Failed test 'component multiblog, block tag MultiBlog'
#   at t/91-tagcoverage.t line 120.

#   Failed test 'component multiblog, block tag MultiBlogLocalBlog'
#   at t/91-tagcoverage.t line 120.

#   Failed test 'component multiblog, block tag MultiBlogIfLocalBlog'
#   at t/91-tagcoverage.t line 120.
# Looks like you failed 8 tests of 513.
t/91-tagcoverage.t ....... 
Dubious, test returned 8 (wstat 2048, 0x800)
Failed 8/513 subtests 
Use of uninitialized value in join or string at (eval 429) line 2.
t/92-pubqueue.t .......... ok
Plugin: ThemeExport/config.yaml
Plugin: Textile.plugin/config.yaml
Plugin: MultiBlog.plugin/config.yaml
Plugin: spamlookup.pl
Plugin: WXRImporter/config.yaml
Plugin: spamlookup_words.pl
Plugin: feeds-app-lite/config.yaml
Plugin: StyleCatcher/config.yaml
Plugin: Cloner/config.yaml
Plugin: Awesome/config.yaml
Plugin: Demenuator/config.yaml
Plugin: WidgetManager.pl
Plugin: TypePadAntiSpam.pl
Plugin: MTBooter.pl
Plugin: Markdown.pl
Plugin: ThemeManager/config.yaml
Plugin: OpenFields.plugin/config.yaml
Plugin: SmartyPants.pl
Plugin: Profiler/config.yaml
Plugin: ConfigAssistant.plugin/config.yaml
Plugin: mixiComment/config.yaml
Plugin: PubSubHubbub.plugin/config.yaml
Plugin: DevTester/config.yaml
Plugin: spamlookup_urls.pl
Plugin: Markdown.plugin/config.yaml

#   Failed test 'testplug.pl exists'
#   at t/93-plugins.t line 60.
# Looks like you failed 1 test of 15.
t/93-plugins.t ........... 
Dubious, test returned 1 (wstat 256, 0x100)
Failed 1/15 subtests 

#   Failed test 'Motion template set exists'
#   at t/95-templateset.t line 23.

#   Failed test 'Streams template set exists'
#   at t/95-templateset.t line 24.

#   Failed test 'Professional website template set exists'
#   at t/95-templateset.t line 25.

#   Failed test 'Community blog template set exists'
#   at t/95-templateset.t line 26.

#   Failed test 'Community forum template set exists'
#   at t/95-templateset.t line 28.
# Looks like you failed 5 tests of 7.
t/95-templateset.t ....... 
Dubious, test returned 5 (wstat 1280, 0x500)
Failed 5/7 subtests 
t/96-static.t ............ ok
t/97-impexp.t ............ ok
t/98-check.t ............. skipped: These tests should be run before the rest of the testing suite since
t/99-includeblogs.t ...... ok
t/meta.t ................. ok
# test MT::CMS::Blog::_update_finfos
# test basic condition (not used by app)
# test template map presence as used in app
t/mt_cms_blog.t .......... ok
# test MT::CMS::Blog::list_tag_for()
t/mt_cms_tag.t ........... ok
# test MT::CMS::Tools::upgrade
# Object types are: entry, page, placement, ts_exitstatus, file, asset.image, objectasset, asset.file, templatemap, session, user, category, ping_cat, tag, asset, tbping, plugindata, awesome, log.ping, ts_funcmap, video, template, ipbanlist, permission, banlist, awesome_image, ping, log.entry, fileinfo, touch, custom_field, role, asset.video, objectscore, trackback, entry.page, asset.audio, author, log.comment, category.folder, folder, audio, ts_error, log, association, ts_job, blog, image, log.system, notification, comment, objecttag, commenter, config
t/mt_cms_tools.t ......... ok

Test Summary Report
-------------------
t/02-meta-new.t        (Wstat: 65280 Tests: 0 Failed: 0)
  Non-zero exit status: 255
  Parse errors: Bad plan.  You planned 7 tests but ran 0.
t/03-meta-new-author.t (Wstat: 65280 Tests: 0 Failed: 0)
  Non-zero exit status: 255
  Parse errors: Bad plan.  You planned 6 tests but ran 0.
t/100-cms_search.t     (Wstat: 768 Tests: 40 Failed: 3)
  Failed tests:  3-5
  Non-zero exit status: 3
t/101-email.t          (Wstat: 768 Tests: 4 Failed: 3)
  Failed tests:  2-4
  Non-zero exit status: 3
  Parse errors: Bad plan.  You planned 5 tests but ran 4.
t/15-import-export.t   (Wstat: 0 Tests: 0 Failed: 0)
  Parse errors: No plan found in TAP output
t/20-setup.t           (Wstat: 1024 Tests: 90 Failed: 4)
  Failed tests:  10-13
  Non-zero exit status: 4
t/21-app-callbacks.t   (Wstat: 65280 Tests: 1 Failed: 0)
  Non-zero exit status: 255
  Parse errors: Bad plan.  You planned 4 tests but ran 1.
t/24-meta-entry-save.t (Wstat: 65280 Tests: 0 Failed: 0)
  Non-zero exit status: 255
  Parse errors: Bad plan.  You planned 13 tests but ran 0.
t/28-xmlrpc.t          (Wstat: 65280 Tests: 61 Failed: 0)
  Non-zero exit status: 255
t/33-driver.t          (Wstat: 512 Tests: 0 Failed: 0)
  Non-zero exit status: 2
  Parse errors: No plan found in TAP output
t/35-tags.t            (Wstat: 6400 Tests: 434 Failed: 25)
  Failed tests:  17, 24-36, 43, 73-74, 132, 149-151, 189
                205, 311-312
  Non-zero exit status: 25
t/80-serialize.t       (Wstat: 65280 Tests: 106 Failed: 0)
  Non-zero exit status: 255
  Parse errors: Bad plan.  You planned 112 tests but ran 106.
t/81-pagination.t      (Wstat: 3072 Tests: 20 Failed: 12)
  Failed tests:  3, 5-8, 10, 12-14, 16-18
  Non-zero exit status: 12
t/89-pod.t             (Wstat: 768 Tests: 323 Failed: 3)
  Failed tests:  18, 305-306
  Non-zero exit status: 3
t/90-podcoverage.t     (Wstat: 512 Tests: 0 Failed: 0)
  Non-zero exit status: 2
  Parse errors: No plan found in TAP output
t/91-tagcoverage.t     (Wstat: 2048 Tests: 513 Failed: 8)
  Failed tests:  126, 142, 262, 345, 502-503, 505-506
  Non-zero exit status: 8
t/93-plugins.t         (Wstat: 256 Tests: 15 Failed: 1)
  Failed test:  15
  Non-zero exit status: 1
t/95-templateset.t     (Wstat: 1280 Tests: 7 Failed: 5)
  Failed tests:  2-5, 7
  Non-zero exit status: 5
Files=62, Tests=9587, 149 wallclock secs ( 1.15 usr  0.31 sys + 111.69 cusr 10.80 csys = 123.95 CPU)
Result: FAIL
