$ prove -lw t/*.t 2>&1 | tee prove-v0.9.21.log
t/00-compile.t ........... ok
t/01-serialize.t ......... ok
Can't locate object method "clear_cache" via package "MT::ObjectDriver::Driver::DBI" at t/02-meta-new.t line 16.
# Looks like your test exited with 255 before it could output anything.
t/02-meta-new.t .......... 
Dubious, test returned 255 (wstat 65280, 0xff00)
Failed 7/7 subtests 
Can't locate object method "clear_cache" via package "MT::ObjectDriver::Driver::DBI" at t/03-meta-new-author.t line 16.
# Looks like your test exited with 255 before it could output anything.
t/03-meta-new-author.t ... 
Dubious, test returned 255 (wstat 65280, 0xff00)
Failed 6/6 subtests 
t/04-config.t ............ ok
t/05-errorhandler.t ...... ok
t/07-builder.t ........... ok
t/08-util.t .............. ok
t/09-image.t ............. ok
t/10-filemgr.t ........... ok
Use of uninitialized value $limit in string ne at lib/MT/CMS/Search.pm line 421.

#   Failed test 'Delete templates button is present'
#   at t/100-cms_search.t line 32.

#   Failed test 'Refresh templates dropdown is present'
#   at t/100-cms_search.t line 33.

#   Failed test 'Clone templates dropdown is present'
#   at t/100-cms_search.t line 34.
Use of uninitialized value $limit in string ne at lib/MT/CMS/Search.pm line 421.
Variable "$system_perms" is not available at lib/MT/App.pm line 173.
Variable "$system_perms" is not available at lib/MT/App.pm line 173.
Use of uninitialized value $limit in string ne at lib/MT/CMS/Search.pm line 421.
DEPRECATION WARNING: Use of $app->param to get/set query object properties in ConfigAssistant::Plugin at line 1154 will break in the future. Use $app->query->param() instead.
DEPRECATION WARNING: Use of $app->param to get/set query object properties in ConfigAssistant::Plugin at line 1154 will break in the future. Use $app->query->param() instead.
Use of uninitialized value $limit in string ne at lib/MT/CMS/Search.pm line 421.
DEPRECATION WARNING: Use of $app->param to get/set query object properties in ConfigAssistant::Plugin at line 1154 will break in the future. Use $app->query->param() instead.
DEPRECATION WARNING: Use of $app->param to get/set query object properties in ConfigAssistant::Plugin at line 1154 will break in the future. Use $app->query->param() instead.
Variable "$system_perms" is not available at lib/MT/App.pm line 173.
Variable "$system_perms" is not available at lib/MT/App.pm line 173.
Variable "$system_perms" is not available at lib/MT/App.pm line 173.
Use of uninitialized value $limit in string ne at lib/MT/CMS/Search.pm line 421.
Use of uninitialized value $limit in string ne at lib/MT/CMS/Search.pm line 421.
Variable "$system_perms" is not available at lib/MT/App.pm line 173.
Variable "$system_perms" is not available at lib/MT/App.pm line 173.
Variable "$system_perms" is not available at lib/MT/App.pm line 173.
# Looks like you failed 3 tests of 40.
t/100-cms_search.t ....... 
Dubious, test returned 3 (wstat 768, 0x300)
Failed 3/40 subtests 

#   Failed test 'Send email to label is present'
#   at t/101-email.t line 36.

#   Failed test 'The email address where you want to send test email to label is present'
#   at t/101-email.t line 37.

#   Failed test 'Send test email button is present'
#   at t/101-email.t line 38.
# Looks like you planned 5 tests but ran 4.
# Looks like you failed 3 tests of 4 run.
t/101-email.t ............ 
Dubious, test returned 3 (wstat 768, 0x300)
Failed 4/5 subtests 
t/11-sanitize.t .......... ok
t/12-dsa.t ............... ok
t/13-dirify.t ............ ok
Use of uninitialized value in sprintf at /opt/local/lib/perl5/vendor_perl/5.10.1/Archive/Tar.pm line 1294.
Use of uninitialized value in sprintf at /opt/local/lib/perl5/vendor_perl/5.10.1/Archive/Tar.pm line 1294.
Use of uninitialized value in pack at /opt/local/lib/perl5/vendor_perl/5.10.1/Archive/Tar.pm line 1295.
Use of uninitialized value in pack at /opt/local/lib/perl5/vendor_perl/5.10.1/Archive/Tar.pm line 1295.
Use of uninitialized value in pack at /opt/local/lib/perl5/vendor_perl/5.10.1/Archive/Tar.pm line 1295.
Use of uninitialized value in pack at /opt/local/lib/perl5/vendor_perl/5.10.1/Archive/Tar.pm line 1295.
Use of uninitialized value in pack at /opt/local/lib/perl5/vendor_perl/5.10.1/Archive/Tar.pm line 1295.
t/14-archive.t ........... ok
t/15-import-export.t ..... 
No subtests run 
t/20-setup.t ............. ok
t/21-app-callbacks.t ..... ok
t/21-callbacks.t ......... ok
# meta field tests
t/22-author.t ............ ok
t/23-entry.t ............. ok
Can't locate object method "clear_cache" via package "MT::ObjectDriver::Driver::DBI" at t/24-meta-entry-save.t line 16.
# Looks like your test exited with 255 before it could output anything.
t/24-meta-entry-save.t ... 
Dubious, test returned 255 (wstat 65280, 0xff00)
Failed 13/13 subtests 
t/26-pings.t ............. skipped: Needs rewrite and/or mt-test-rpc.cgi script from 6A.
t/27-context.t ........... ok
t/28-xmlrpc.t ............ skipped: Broken test. This functionality should probably get moved to a plugin.
t/29-cleanup.t ........... ok
# Saving error: constraint failed
# columns multikey_fkey, multikey_type are not unique
t/32-ddl.t ............... ok
Use of uninitialized value $ENV{"MT_CONFIG"} in concatenation (.) or string at t/33-driver.t line 20.
Can't call method "execute" on an undefined value at /Users/jay/code/omt/openmelody/extlib/Data/ObjectDriver/Driver/DBI.pm line 252.
BEGIN failed--compilation aborted at t/33-driver.t line 24.
t/33-driver.t ............ 
Dubious, test returned 2 (wstat 512, 0x200)
No subtests run 

#   Failed test 'perl test 14'
#   at t/35-tags.t line 93.
#          got: 'UTF-8'
#     expected: 'utf-8'

#   Failed test 'perl test 21'
#   at t/35-tags.t line 93.
#          got: '345678911121314151617181920212223242526272829303132333435363738391102'
#     expected: '1'

#   Failed test 'perl test 22'
#   at t/35-tags.t line 93.
#          got: 'First BlogFirst BlogFirst BlogFirst BlogFirst BlogFirst BlogFirst BlogFirst BlogFirst BlogFirst BlogFirst BlogFirst BlogFirst BlogFirst BlogFirst BlogFirst BlogFirst BlogFirst BlogFirst BlogFirst BlogFirst BlogFirst BlogFirst BlogFirst BlogFirst BlogFirst BlogFirst BlogFirst BlogFirst BlogFirst BlogFirst BlogFirst BlogFirst BlogFirst BlogFirst BlogFirst Blognonenonenone2'
#     expected: 'none'

#   Failed test 'perl test 23'
#   at t/35-tags.t line 93.
#          got: 'Narnia None Test BlogNarnia None Test BlogNarnia None Test Blog 2'
#     expected: 'Narnia None Test Blog'

#   Failed test 'perl test 24'
#   at t/35-tags.t line 93.
#          got: '////////////////////////////http://narnia.na/nana/http://narnia.na/nana/http://narnia.na/nana2/'
#     expected: 'http://narnia.na/nana/'

#   Failed test 'perl test 25'
#   at t/35-tags.t line 93.
#          got: '////////////////////////////http://narnia.na/nana/archives/http://narnia.na/nana/archives/http://narnia.na/nana2/archives/'
#     expected: 'http://narnia.na/nana/archives/'

#   Failed test 'perl test 26'
#   at t/35-tags.t line 93.
#          got: '/nana//nana//nana2/'
#     expected: '/nana/'

#   Failed test 'perl test 27'
#   at t/35-tags.t line 93.
#          got: '////////////////////////////t/site/t/site/t/site2/'
#     expected: 't/site/'
Use of uninitialized value $host in pattern match (m//) at lib/MT/Template/ContextHandlers.pm line 7638.
Use of uninitialized value $host in pattern match (m//) at lib/MT/Template/ContextHandlers.pm line 7638.
Use of uninitialized value $host in pattern match (m//) at lib/MT/Template/ContextHandlers.pm line 7638.
Use of uninitialized value $host in pattern match (m//) at lib/MT/Template/ContextHandlers.pm line 7638.
Use of uninitialized value $host in pattern match (m//) at lib/MT/Template/ContextHandlers.pm line 7638.
Use of uninitialized value $host in pattern match (m//) at lib/MT/Template/ContextHandlers.pm line 7638.
Use of uninitialized value $host in pattern match (m//) at lib/MT/Template/ContextHandlers.pm line 7638.
Use of uninitialized value $host in pattern match (m//) at lib/MT/Template/ContextHandlers.pm line 7638.

#   Failed test 'perl test 28'
#   at t/35-tags.t line 93.
#          got: 'narnia.nanarnia.nanarnia.na'
#     expected: 'narnia.na'
Use of uninitialized value $host in pattern match (m//) at lib/MT/Template/ContextHandlers.pm line 7638.
Use of uninitialized value $host in pattern match (m//) at lib/MT/Template/ContextHandlers.pm line 7638.
Use of uninitialized value $host in pattern match (m//) at lib/MT/Template/ContextHandlers.pm line 7638.
Use of uninitialized value $host in pattern match (m//) at lib/MT/Template/ContextHandlers.pm line 7638.
Use of uninitialized value $host in pattern match (m//) at lib/MT/Template/ContextHandlers.pm line 7638.
Use of uninitialized value $host in pattern match (m//) at lib/MT/Template/ContextHandlers.pm line 7638.
Use of uninitialized value $host in pattern match (m//) at lib/MT/Template/ContextHandlers.pm line 7638.
Use of uninitialized value $host in pattern match (m//) at lib/MT/Template/ContextHandlers.pm line 7638.

#   Failed test 'perl test 29'
#   at t/35-tags.t line 93.
#          got: 'narnia.nanarnia.nanarnia.na'
#     expected: 'narnia.na'

#   Failed test 'perl test 30'
#   at t/35-tags.t line 93.
#          got: '+00:00+00:00+00:00+00:00+00:00+00:00+00:00+00:00+00:00+00:00+00:00+00:00+00:00+00:00+00:00+00:00+00:00+00:00+00:00+00:00+00:00+00:00+00:00+00:00+00:00+00:00+00:00+00:00+00:00+00:00+00:00+00:00+00:00+00:00+00:00+00:00-03:30-03:30-03:30'
#     expected: '-03:30'

#   Failed test 'perl test 31'
#   at t/35-tags.t line 93.
#          got: '+0000+0000+0000+0000+0000+0000+0000+0000+0000+0000+0000+0000+0000+0000+0000+0000+0000+0000+0000+0000+0000+0000+0000+0000+0000+0000+0000+0000+0000+0000+0000+0000+0000+0000+0000+0000-0330-0330-0330'
#     expected: '-0330'

#   Failed test 'perl test 32'
#   at t/35-tags.t line 93.
#          got: '000000000000000000000000000000000000600'
#     expected: '6'

#   Failed test 'perl test 33'
#   at t/35-tags.t line 93.
#          got: '000000000000000000000000000000000000900'
#     expected: '9'

#   Failed test 'perl test 40'
#   at t/35-tags.t line 93.
#          got: undef
#     expected: 'http://narnia.na/nana/'

#   Failed test 'perl test 70'
#   at t/35-tags.t line 93.
#          got: undef
#     expected: 'http://narnia.na/nana/archives/1978/01/a-rainy-day.html'

#   Failed test 'perl test 71'
#   at t/35-tags.t line 93.
#          got: undef
#     expected: 'http://narnia.na/nana/archives/1978/01/a-rainy-day.html'

#   Failed test 'perl test 129'
#   at t/35-tags.t line 93.
#          got: 'bar:  foo:  subfoo:  '
#     expected: 'bar: http://narnia.na/cgi-bin/mt-tb.cgi/2 foo:  subfoo:  '

#   Failed test 'perl test 146'
#   at t/35-tags.t line 93.
#          got: undef
#     expected: 'January 1978-http://narnia.na/nana/archives/1978/01/; January 1965-http://narnia.na/nana/archives/1965/01/; January 1964-http://narnia.na/nana/archives/1964/01/; January 1963-http://narnia.na/nana/archives/1963/01/; January 1962-http://narnia.na/nana/archives/1962/01/; January 1961-http://narnia.na/nana/archives/1961/01/; '

#   Failed test 'perl test 147'
#   at t/35-tags.t line 93.
#          got: undef
#     expected: 'Previous: January 1965-http://narnia.na/nana/archives/1965/01/; January 1964-http://narnia.na/nana/archives/1964/01/; January 1963-http://narnia.na/nana/archives/1963/01/; January 1962-http://narnia.na/nana/archives/1962/01/; January 1961-http://narnia.na/nana/archives/1961/01/;  '

#   Failed test 'perl test 148'
#   at t/35-tags.t line 93.
#          got: undef
#     expected: 'Next:  January 1978-http://narnia.na/nana/archives/1978/01/; January 1965-http://narnia.na/nana/archives/1965/01/; January 1964-http://narnia.na/nana/archives/1964/01/; January 1963-http://narnia.na/nana/archives/1963/01/; January 1962-http://narnia.na/nana/archives/1962/01/; '

#   Failed test 'perl test 186'
#   at t/35-tags.t line 93.
#          got: ''
#     expected: 'enabled'

#   Failed test 'perl test 202'
#   at t/35-tags.t line 93.
#          got: ''
#     expected: 'Archive Index-http://narnia.na/nana/archives.html-index;Feed - Recent Entries-http://narnia.na/nana/atom.xml-index;JavaScript-http://narnia.na/nana/mt.js-index;Main Index-http://narnia.na/nana/-index;RSD-http://narnia.na/nana/rsd.xml-index;Stylesheet-http://narnia.na/nana/styles.css-index;'

#   Failed test 'perl test 308'
#   at t/35-tags.t line 93.
#          got: undef
#     expected: ',<ul><li>11</li></ul>,<ul><li>12</li></ul>'

#   Failed test 'perl test 309'
#   at t/35-tags.t line 93.
#          got: undef
#     expected: ',<ul><li>11<ul><li>12</li></ul></li></ul>,<ul><li>12</li></ul>'
Use of uninitialized value $key in hash element at lib/MT/Template/ContextHandlers.pm line 5911.
# Looks like you failed 25 tests of 434.
t/35-tags.t .............. 
Dubious, test returned 25 (wstat 6400, 0x1900)
Failed 25/434 subtests 
t/41-atom.t .............. skipped: Broken test. XML::Atom requires XML::LibXML which is not a listed as a prerequisite of MT and requires compiling. This functionality should probably get moved to a plugin and/or an alternative with a pure Perl fallback.
t/43-localua.t ........... ok
t/44-spider.t ............ skipped: Enable spider test with MT_TEST_SPIDER environment variable
t/45-datetime.t .......... ok
t/46-i18n-en.t ........... ok
Subroutine Jcode::ucs2_euc redefined at /Users/jay/code/omt/openmelody/extlib/Jcode/Unicode/NoXS.pm line 56.
Subroutine Jcode::euc_ucs2 redefined at /Users/jay/code/omt/openmelody/extlib/Jcode/Unicode/NoXS.pm line 71.
Subroutine Jcode::euc_utf8 redefined at /Users/jay/code/omt/openmelody/extlib/Jcode/Unicode/NoXS.pm line 87.
Subroutine Jcode::utf8_euc redefined at /Users/jay/code/omt/openmelody/extlib/Jcode/Unicode/NoXS.pm line 94.
Subroutine Jcode::ucs2_utf8 redefined at /Users/jay/code/omt/openmelody/extlib/Jcode/Unicode/NoXS.pm line 101.
Subroutine Jcode::utf8_ucs2 redefined at /Users/jay/code/omt/openmelody/extlib/Jcode/Unicode/NoXS.pm line 124.
t/47-i18n-ja.t ........... ok
t/48-cache.t ............. ok
t/49-tagsplit.t .......... ok
t/54-usersgroupsroles.t .. skipped: Groups are unavailable for testing.
t/61-to_from_xml.t ....... skipped: These tests are so broken that we have to skip them for now. Really this functionality should be re-implemented in some form that is more effective and reliable than what exists.
Reference found where even-sized list expected at lib/MT/Asset/Image.pm line 99.
t/62-asset.t ............. ok
t/63-objectclasses.t ..... ok
# saving object
# object saved
t/64-objectmeta.t ........ ok
t/65-ssi.t ............... ok
t/66-templatecache.t ..... ok
DEPRECATION WARNING: Direct assignment to $app->{query} in main at line 129 will break in the near future. Use $app->query( OBJ ) instead. See MT::App POD for details.
DEPRECATION WARNING: Direct access to $app->{query} in main at line 131 will break in the near future. Use $app->query instead. See MT::App POD for details.
DEPRECATION WARNING: Use of $app->param to fetch a hash of query parameters in main at line 160 will break in the future. Use $app->query->param instead.
DEPRECATION WARNING: Use of $app->param to fetch the CGI query object in main at line 171 will break in the future. Use $app->query instead.
DEPRECATION WARNING: Use of $app->param to get/set query object properties in main at line 178 will break in the future. Use $app->query->param() instead.
DEPRECATION WARNING: Use of $app->param to get/set query object properties in main at line 181 will break in the future. Use $app->query->param() instead.
DEPRECATION WARNING: Direct assignment to $app->{query} in main at line 129 will break in the near future. Use $app->query( OBJ ) instead. See MT::App POD for details.
DEPRECATION WARNING: Direct access to $app->{query} in main at line 131 will break in the near future. Use $app->query instead. See MT::App POD for details.
DEPRECATION WARNING: Use of $app->param to fetch a hash of query parameters in main at line 160 will break in the future. Use $app->query->param instead.
DEPRECATION WARNING: Use of $app->param to fetch the CGI query object in main at line 171 will break in the future. Use $app->query instead.
DEPRECATION WARNING: Use of $app->param to get/set query object properties in main at line 178 will break in the future. Use $app->query->param() instead.
DEPRECATION WARNING: Use of $app->param to get/set query object properties in main at line 181 will break in the future. Use $app->query->param() instead.
t/70-app-query.t ......... ok
# Looks like you planned 112 tests but ran 106.
t/80-serialize.t ......... 
Dubious, test returned 255 (wstat 65280, 0xff00)
Failed 6/112 subtests 
	(less 12 skipped subtests: 94 okay)
t/81-pagination.t ........ skipped: (no reason given)

#   Failed test 'POD test for lib/MT/Callback.pod'
#   at /opt/local/lib/perl5/vendor_perl/5.10.1/Test/Pod.pm line 182.
# lib/MT/Callback.pod (764): =back without =over

#   Failed test 'POD test for plugins/ThemeExport/lib/MT/Theme/Exporter.pm'
#   at /opt/local/lib/perl5/vendor_perl/5.10.1/Test/Pod.pm line 182.
# plugins/ThemeExport/lib/MT/Theme/Exporter.pm (622): You can't have =items (as at line 627) unless the first thing after the =over is an =item
# plugins/ThemeExport/lib/MT/Theme/Exporter.pm (704): Unterminated L<...> sequence

#   Failed test 'POD test for plugins/ThemeExport/lib/MT/Theme/Util.pm'
#   at /opt/local/lib/perl5/vendor_perl/5.10.1/Test/Pod.pm line 182.
# plugins/ThemeExport/lib/MT/Theme/Util.pm (43): Unterminated L<...> sequence
# Looks like you failed 3 tests of 323.
t/89-pod.t ............... 
Dubious, test returned 3 (wstat 768, 0x300)
Failed 3/323 subtests 
Can't locate Melody/Util/Test.pm in @INC (@INC contains: t/inc/lib extlib lib /Users/jay/code/omt/openmelody/lib /opt/local/lib/perl5/vendor_perl/5.10.1/darwin-multi-2level /opt/local/lib/perl5/vendor_perl/5.10.1 /opt/local/lib/perl5/5.10.1/darwin-multi-2level /opt/local/lib/perl5/5.10.1 /opt/local/lib/perl5/site_perl/5.10.1/darwin-multi-2level /opt/local/lib/perl5/site_perl/5.10.1 /usr/local/lib/perl5/5.10.1/darwin-multi-2level /usr/local/lib/perl5/5.10.1 /usr/local/lib/perl5/darwin-multi-2level /usr/local/lib/perl5/site_perl/5.10.1/darwin-multi-2level /usr/local/lib/perl5/site_perl/5.10.1 /opt/local/lib/perl5/site_perl/5.8.9 /opt/local/lib/perl5/site_perl/5.8.8 /opt/local/lib/perl5/site_perl /opt/local/lib/perl5/vendor_perl/5.8.9 /opt/local/lib/perl5/vendor_perl/5.8.8 /opt/local/lib/perl5/vendor_perl .) at t/90-podcoverage.t line 12.
BEGIN failed--compilation aborted at t/90-podcoverage.t line 12.
t/90-podcoverage.t ....... 
Dubious, test returned 2 (wstat 512, 0x200)
No subtests run 
# Checking for tag documentation for component core
# Reading module lib/MT/Template/ContextHandlers.pm
# Reading module lib/MT/Template/Context/Search.pm

#   Failed test 'component core, function tag EntryAuthorNickname'
#   at t/91-tagcoverage.t line 95.

#   Failed test 'component core, function tag AuthorEntriesCount'
#   at t/91-tagcoverage.t line 95.

#   Failed test 'component core, function tag AuthorCommentCount'
#   at t/91-tagcoverage.t line 95.

#   Failed test 'component core, block tag CategoryTags'
#   at t/91-tagcoverage.t line 105.
# Checking for tag documentation for component multiblog
# Reading module /Users/jay/code/omt/openmelody/addons/MultiBlog.plugin/lib/MultiBlog/Tags.pm

#   Failed test 'component multiblog, block tag OtherBlog'
#   at t/91-tagcoverage.t line 105.

#   Failed test 'component multiblog, block tag MultiBlog'
#   at t/91-tagcoverage.t line 105.

#   Failed test 'component multiblog, block tag MultiBlogLocalBlog'
#   at t/91-tagcoverage.t line 105.

#   Failed test 'component multiblog, block tag MultiBlogIfLocalBlog'
#   at t/91-tagcoverage.t line 105.
# Looks like you failed 8 tests of 513.
t/91-tagcoverage.t ....... 
Dubious, test returned 8 (wstat 2048, 0x800)
Failed 8/513 subtests 
Use of uninitialized value in join or string at (eval 429) line 2.
t/92-pubqueue.t .......... ok
t/93-plugins.t ........... ok
t/95-templateset.t ....... ok
t/96-static.t ............ ok
t/97-impexp.t ............ ok
t/98-check.t ............. skipped: These tests should be run before the rest of the testing suite since
t/99-includeblogs.t ...... ok
t/meta.t ................. ok
# test MT::CMS::Blog::_update_finfos
# test basic condition (not used by app)
# test template map presence as used in app
t/mt_cms_blog.t .......... ok
# test MT::CMS::Blog::list_tag_for()
t/mt_cms_tag.t ........... ok
# test MT::CMS::Tools::upgrade
# Object types are: entry, page, placement, ts_exitstatus, file, asset.image, objectasset, asset.file, templatemap, session, user, category, ping_cat, tag, asset, tbping, plugindata, awesome, log.ping, ts_funcmap, video, template, ipbanlist, permission, banlist, awesome_image, ping, log.entry, fileinfo, touch, custom_field, role, asset.video, objectscore, trackback, entry.page, asset.audio, author, log.comment, category.folder, folder, audio, ts_error, log, association, ts_job, blog, image, log.system, notification, comment, objecttag, commenter, config
t/mt_cms_tools.t ......... ok

Test Summary Report
-------------------
t/02-meta-new.t        (Wstat: 65280 Tests: 0 Failed: 0)
  Non-zero exit status: 255
  Parse errors: Bad plan.  You planned 7 tests but ran 0.
t/03-meta-new-author.t (Wstat: 65280 Tests: 0 Failed: 0)
  Non-zero exit status: 255
  Parse errors: Bad plan.  You planned 6 tests but ran 0.
t/100-cms_search.t     (Wstat: 768 Tests: 40 Failed: 3)
  Failed tests:  3-5
  Non-zero exit status: 3
t/101-email.t          (Wstat: 768 Tests: 4 Failed: 3)
  Failed tests:  2-4
  Non-zero exit status: 3
  Parse errors: Bad plan.  You planned 5 tests but ran 4.
t/15-import-export.t   (Wstat: 0 Tests: 0 Failed: 0)
  Parse errors: No plan found in TAP output
t/24-meta-entry-save.t (Wstat: 65280 Tests: 0 Failed: 0)
  Non-zero exit status: 255
  Parse errors: Bad plan.  You planned 13 tests but ran 0.
t/33-driver.t          (Wstat: 512 Tests: 0 Failed: 0)
  Non-zero exit status: 2
  Parse errors: No plan found in TAP output
t/35-tags.t            (Wstat: 6400 Tests: 434 Failed: 25)
  Failed tests:  17, 24-36, 43, 73-74, 132, 149-151, 189
                205, 311-312
  Non-zero exit status: 25
t/80-serialize.t       (Wstat: 65280 Tests: 106 Failed: 0)
  Non-zero exit status: 255
  Parse errors: Bad plan.  You planned 112 tests but ran 106.
t/89-pod.t             (Wstat: 768 Tests: 323 Failed: 3)
  Failed tests:  18, 305-306
  Non-zero exit status: 3
t/90-podcoverage.t     (Wstat: 512 Tests: 0 Failed: 0)
  Non-zero exit status: 2
  Parse errors: No plan found in TAP output
t/91-tagcoverage.t     (Wstat: 2048 Tests: 513 Failed: 8)
  Failed tests:  126, 142, 262, 345, 502-503, 505-506
  Non-zero exit status: 8
Files=62, Tests=5108, 125 wallclock secs ( 0.69 usr  0.26 sys + 89.40 cusr  8.25 csys = 98.60 CPU)
Result: FAIL
